0 verbose cli C:\Program Files\nodejs\node.exe C:\Users\Lenovo\AppData\Roaming\npm\node_modules\npm\bin\npm-cli.js
1 info using npm@8.19.4
2 info using node@v16.20.2
3 timing npm:load:whichnode Completed in 0ms
4 timing config:load:defaults Completed in 1ms
5 timing config:load:file:C:\Users\Lenovo\AppData\Roaming\npm\node_modules\npm\npmrc Completed in 2ms
6 timing config:load:builtin Completed in 2ms
7 timing config:load:cli Completed in 1ms
8 timing config:load:env Completed in 0ms
9 timing config:load:project Completed in 1ms
10 timing config:load:file:C:\Users\Lenovo\.npmrc Completed in 0ms
11 timing config:load:user Completed in 0ms
12 timing config:load:file:C:\Users\Lenovo\AppData\Roaming\npm\etc\npmrc Completed in 0ms
13 timing config:load:global Completed in 0ms
14 timing config:load:validate Completed in 0ms
15 timing config:load:credentials Completed in 1ms
16 timing config:load:setEnvs Completed in 0ms
17 timing config:load Completed in 6ms
18 timing npm:load:configload Completed in 6ms
19 timing npm:load:mkdirpcache Completed in 1ms
20 timing npm:load:mkdirplogs Completed in 0ms
21 verbose title npm install @expo/ngrok@^4.1.0
22 verbose argv "install" "--global" "@expo/ngrok@^4.1.0"
23 timing npm:load:setTitle Completed in 0ms
24 timing config:load:flatten Completed in 1ms
25 timing npm:load:display Completed in 1ms
26 verbose logfile logs-max:10 dir:C:\Users\Lenovo\paws\UsersLenovoAppDataLocalnpm-cache\_logs
27 verbose logfile C:\Users\Lenovo\paws\UsersLenovoAppDataLocalnpm-cache\_logs\2024-06-20T08_46_57_199Z-debug-0.log
28 timing npm:load:logFile Completed in 6ms
29 timing npm:load:timers Completed in 0ms
30 timing npm:load:configScope Completed in 0ms
31 timing npm:load Completed in 15ms
32 timing arborist:ctor Completed in 0ms
33 silly logfile start cleaning logs, removing 2 files
34 silly logfile done cleaning log files
35 timing idealTree:init Completed in 3ms
36 timing idealTree:userRequests Completed in 3ms
37 silly idealTree buildDeps
38 silly fetch manifest @expo/ngrok@^4.1.0
39 http fetch GET 200 https://registry.npmjs.org/@expo%2fngrok 2136ms (cache miss)
40 silly placeDep ROOT @expo/ngrok@4.1.3 OK for:  want: ^4.1.0
41 silly fetch manifest got@^11.5.1
42 silly fetch manifest uuid@^3.3.2
43 silly fetch manifest yaml@^1.10.0
44 silly fetch manifest @expo/ngrok-bin@2.3.42
45 http fetch GET 200 https://registry.npmjs.org/uuid 587ms (cache revalidated)
46 http fetch GET 200 https://registry.npmjs.org/got 609ms (cache revalidated)
47 http fetch GET 200 https://registry.npmjs.org/yaml 622ms (cache revalidated)
48 http fetch GET 200 https://registry.npmjs.org/@expo%2fngrok-bin 2460ms (cache miss)
49 timing idealTree:#root Completed in 4603ms
50 silly placeDep node_modules/@expo/ngrok @expo/ngrok-bin@2.3.42 OK for: @expo/ngrok@4.1.3 want: 2.3.42
51 silly placeDep node_modules/@expo/ngrok got@11.8.6 OK for: @expo/ngrok@4.1.3 want: ^11.5.1
52 silly placeDep node_modules/@expo/ngrok uuid@3.4.0 OK for: @expo/ngrok@4.1.3 want: ^3.3.2
53 silly placeDep node_modules/@expo/ngrok yaml@1.10.2 OK for: @expo/ngrok@4.1.3 want: ^1.10.0
54 silly fetch manifest @expo/ngrok-bin-darwin-arm64@2.3.41
55 silly fetch manifest @expo/ngrok-bin-darwin-x64@2.3.41
56 silly fetch manifest @expo/ngrok-bin-freebsd-ia32@2.3.41
57 silly fetch manifest @expo/ngrok-bin-freebsd-x64@2.3.41
58 silly fetch manifest @expo/ngrok-bin-linux-arm@2.3.41
59 silly fetch manifest @expo/ngrok-bin-linux-arm64@2.3.41
60 silly fetch manifest @expo/ngrok-bin-linux-ia32@2.3.41
61 silly fetch manifest @expo/ngrok-bin-linux-x64@2.3.41
62 silly fetch manifest @expo/ngrok-bin-sunos-x64@2.3.41
63 silly fetch manifest @expo/ngrok-bin-win32-ia32@2.3.41
64 silly fetch manifest @expo/ngrok-bin-win32-x64@2.3.41
65 silly fetch manifest p-cancelable@^2.0.0
66 silly fetch manifest responselike@^2.0.0
67 silly fetch manifest http2-wrapper@^1.0.0-beta.5.2
68 silly fetch manifest lowercase-keys@^2.0.0
69 silly fetch manifest @sindresorhus/is@^4.0.0
70 silly fetch manifest cacheable-lookup@^5.0.3
71 silly fetch manifest cacheable-request@^7.0.2
72 silly fetch manifest @types/responselike@^1.0.0
73 silly fetch manifest decompress-response@^6.0.0
74 silly fetch manifest @szmarczak/http-timer@^4.0.5
75 silly fetch manifest @types/cacheable-request@^6.0.1
76 http fetch GET 200 https://registry.npmjs.org/lowercase-keys 596ms (cache revalidated)
77 http fetch GET 200 https://registry.npmjs.org/http2-wrapper 601ms (cache revalidated)
78 http fetch GET 200 https://registry.npmjs.org/p-cancelable 641ms (cache revalidated)
79 http fetch GET 200 https://registry.npmjs.org/responselike 659ms (cache revalidated)
80 http fetch GET 200 https://registry.npmjs.org/@types%2fresponselike 799ms (cache revalidated)
81 http fetch GET 200 https://registry.npmjs.org/@sindresorhus%2fis 824ms (cache revalidated)
82 http fetch GET 200 https://registry.npmjs.org/cacheable-request 874ms (cache revalidated)
83 http fetch GET 200 https://registry.npmjs.org/decompress-response 1011ms (cache revalidated)
84 http fetch GET 200 https://registry.npmjs.org/@types%2fcacheable-request 1039ms (cache revalidated)
85 http fetch GET 200 https://registry.npmjs.org/@szmarczak%2fhttp-timer 1125ms (cache revalidated)
86 http fetch GET 200 https://registry.npmjs.org/cacheable-lookup 1602ms (cache revalidated)
87 http fetch GET 200 https://registry.npmjs.org/@expo%2fngrok-bin-darwin-arm64 1659ms (cache miss)
88 http fetch GET 200 https://registry.npmjs.org/@expo%2fngrok-bin-freebsd-ia32 2082ms (cache miss)
89 http fetch GET 200 https://registry.npmjs.org/@expo%2fngrok-bin-freebsd-x64 2128ms (cache miss)
90 http fetch GET 200 https://registry.npmjs.org/@expo%2fngrok-bin-darwin-x64 2153ms (cache miss)
91 http fetch GET 200 https://registry.npmjs.org/@expo%2fngrok-bin-linux-arm 2160ms (cache miss)
92 http fetch GET 200 https://registry.npmjs.org/@expo%2fngrok-bin-win32-ia32 2340ms (cache miss)
93 http fetch GET 200 https://registry.npmjs.org/@expo%2fngrok-bin-win32-x64 2420ms (cache miss)
94 http fetch GET 200 https://registry.npmjs.org/@expo%2fngrok-bin-sunos-x64 2441ms (cache miss)
95 http fetch GET 200 https://registry.npmjs.org/@expo%2fngrok-bin-linux-ia32 2553ms (cache miss)
96 http fetch GET 200 https://registry.npmjs.org/@expo%2fngrok-bin-linux-arm64 3355ms (cache miss)
97 http fetch GET 200 https://registry.npmjs.org/@expo%2fngrok-bin-linux-x64 3644ms (cache miss)
98 timing idealTree:node_modules/@expo/ngrok Completed in 3652ms
99 silly placeDep node_modules/@expo/ngrok @expo/ngrok-bin-darwin-arm64@2.3.41 OK for: @expo/ngrok-bin@2.3.42 want: 2.3.41
100 silly placeDep node_modules/@expo/ngrok @expo/ngrok-bin-darwin-x64@2.3.41 OK for: @expo/ngrok-bin@2.3.42 want: 2.3.41
101 silly placeDep node_modules/@expo/ngrok @expo/ngrok-bin-freebsd-ia32@2.3.41 OK for: @expo/ngrok-bin@2.3.42 want: 2.3.41
102 silly placeDep node_modules/@expo/ngrok @expo/ngrok-bin-freebsd-x64@2.3.41 OK for: @expo/ngrok-bin@2.3.42 want: 2.3.41
103 silly placeDep node_modules/@expo/ngrok @expo/ngrok-bin-linux-arm@2.3.41 OK for: @expo/ngrok-bin@2.3.42 want: 2.3.41
104 silly placeDep node_modules/@expo/ngrok @expo/ngrok-bin-linux-arm64@2.3.41 OK for: @expo/ngrok-bin@2.3.42 want: 2.3.41
105 silly placeDep node_modules/@expo/ngrok @expo/ngrok-bin-linux-ia32@2.3.41 OK for: @expo/ngrok-bin@2.3.42 want: 2.3.41
106 silly placeDep node_modules/@expo/ngrok @expo/ngrok-bin-linux-x64@2.3.41 OK for: @expo/ngrok-bin@2.3.42 want: 2.3.41
107 silly placeDep node_modules/@expo/ngrok @expo/ngrok-bin-sunos-x64@2.3.41 OK for: @expo/ngrok-bin@2.3.42 want: 2.3.41
108 silly placeDep node_modules/@expo/ngrok @expo/ngrok-bin-win32-ia32@2.3.41 OK for: @expo/ngrok-bin@2.3.42 want: 2.3.41
109 silly placeDep node_modules/@expo/ngrok @expo/ngrok-bin-win32-x64@2.3.41 OK for: @expo/ngrok-bin@2.3.42 want: 2.3.41
110 timing idealTree:node_modules/@expo/ngrok/node_modules/@expo/ngrok-bin Completed in 10ms
111 timing idealTree:node_modules/@expo/ngrok/node_modules/@expo/ngrok-bin-darwin-arm64 Completed in 0ms
112 timing idealTree:node_modules/@expo/ngrok/node_modules/@expo/ngrok-bin-darwin-x64 Completed in 0ms
113 timing idealTree:node_modules/@expo/ngrok/node_modules/@expo/ngrok-bin-freebsd-ia32 Completed in 0ms
114 timing idealTree:node_modules/@expo/ngrok/node_modules/@expo/ngrok-bin-freebsd-x64 Completed in 0ms
115 timing idealTree:node_modules/@expo/ngrok/node_modules/@expo/ngrok-bin-linux-arm Completed in 0ms
116 timing idealTree:node_modules/@expo/ngrok/node_modules/@expo/ngrok-bin-linux-arm64 Completed in 0ms
117 timing idealTree:node_modules/@expo/ngrok/node_modules/@expo/ngrok-bin-linux-ia32 Completed in 0ms
118 timing idealTree:node_modules/@expo/ngrok/node_modules/@expo/ngrok-bin-linux-x64 Completed in 0ms
119 timing idealTree:node_modules/@expo/ngrok/node_modules/@expo/ngrok-bin-sunos-x64 Completed in 0ms
120 timing idealTree:node_modules/@expo/ngrok/node_modules/@expo/ngrok-bin-win32-ia32 Completed in 0ms
121 timing idealTree:node_modules/@expo/ngrok/node_modules/@expo/ngrok-bin-win32-x64 Completed in 0ms
122 silly placeDep node_modules/@expo/ngrok @sindresorhus/is@4.6.0 OK for: got@11.8.6 want: ^4.0.0
123 silly placeDep node_modules/@expo/ngrok @szmarczak/http-timer@4.0.6 OK for: got@11.8.6 want: ^4.0.5
124 silly placeDep node_modules/@expo/ngrok @types/cacheable-request@6.0.3 OK for: got@11.8.6 want: ^6.0.1
125 silly placeDep node_modules/@expo/ngrok @types/responselike@1.0.3 OK for: got@11.8.6 want: ^1.0.0
126 silly placeDep node_modules/@expo/ngrok cacheable-lookup@5.0.4 OK for: got@11.8.6 want: ^5.0.3
127 silly placeDep node_modules/@expo/ngrok cacheable-request@7.0.4 OK for: got@11.8.6 want: ^7.0.2
128 silly placeDep node_modules/@expo/ngrok decompress-response@6.0.0 OK for: got@11.8.6 want: ^6.0.0
129 silly placeDep node_modules/@expo/ngrok http2-wrapper@1.0.3 OK for: got@11.8.6 want: ^1.0.0-beta.5.2
130 silly placeDep node_modules/@expo/ngrok lowercase-keys@2.0.0 OK for: got@11.8.6 want: ^2.0.0
131 silly placeDep node_modules/@expo/ngrok p-cancelable@2.1.1 OK for: got@11.8.6 want: ^2.0.0
132 silly placeDep node_modules/@expo/ngrok responselike@2.0.1 OK for: got@11.8.6 want: ^2.0.0
133 silly fetch manifest defer-to-connect@^2.0.0
134 silly fetch manifest @types/http-cache-semantics@*
135 silly fetch manifest @types/keyv@^3.1.4
136 silly fetch manifest @types/node@*
137 silly fetch manifest clone-response@^1.0.2
138 silly fetch manifest get-stream@^5.1.0
139 silly fetch manifest http-cache-semantics@^4.0.0
140 silly fetch manifest keyv@^4.0.0
141 silly fetch manifest normalize-url@^6.0.1
142 silly fetch manifest mimic-response@^3.1.0
143 silly fetch manifest quick-lru@^5.1.1
144 silly fetch manifest resolve-alpn@^1.0.0
145 http fetch GET 200 https://registry.npmjs.org/clone-response 250ms (cache revalidated)
146 http fetch GET 200 https://registry.npmjs.org/normalize-url 253ms (cache revalidated)
147 http fetch GET 200 https://registry.npmjs.org/keyv 259ms (cache revalidated)
148 http fetch GET 200 https://registry.npmjs.org/quick-lru 260ms (cache revalidated)
149 http fetch GET 200 https://registry.npmjs.org/resolve-alpn 265ms (cache revalidated)
150 http fetch GET 200 https://registry.npmjs.org/@types%2fnode 274ms (cache revalidated)
151 http fetch GET 200 https://registry.npmjs.org/mimic-response 279ms (cache revalidated)
152 http fetch GET 200 https://registry.npmjs.org/get-stream 283ms (cache revalidated)
153 http fetch GET 200 https://registry.npmjs.org/@types%2fkeyv 289ms (cache revalidated)
154 http fetch GET 200 https://registry.npmjs.org/http-cache-semantics 288ms (cache revalidated)
155 http fetch GET 200 https://registry.npmjs.org/@types%2fhttp-cache-semantics 293ms (cache revalidated)
156 http fetch GET 200 https://registry.npmjs.org/defer-to-connect 930ms (cache revalidated)
157 timing idealTree:node_modules/@expo/ngrok/node_modules/got Completed in 936ms
158 timing idealTree:node_modules/@expo/ngrok/node_modules/@sindresorhus/is Completed in 0ms
159 silly placeDep node_modules/@expo/ngrok defer-to-connect@2.0.1 OK for: @szmarczak/http-timer@4.0.6 want: ^2.0.0
160 timing idealTree:node_modules/@expo/ngrok/node_modules/@szmarczak/http-timer Completed in 2ms
161 silly placeDep node_modules/@expo/ngrok @types/http-cache-semantics@4.0.4 OK for: @types/cacheable-request@6.0.3 want: *
162 silly placeDep node_modules/@expo/ngrok @types/keyv@3.1.4 OK for: @types/cacheable-request@6.0.3 want: ^3.1.4
163 silly placeDep node_modules/@expo/ngrok @types/node@20.14.6 OK for: @types/cacheable-request@6.0.3 want: *
164 silly fetch manifest undici-types@~5.26.4
165 http fetch GET 200 https://registry.npmjs.org/undici-types 222ms (cache revalidated)
166 timing idealTree:node_modules/@expo/ngrok/node_modules/@types/cacheable-request Completed in 229ms
167 timing idealTree:node_modules/@expo/ngrok/node_modules/@types/http-cache-semantics Completed in 0ms
168 timing idealTree:node_modules/@expo/ngrok/node_modules/@types/keyv Completed in 0ms
169 silly placeDep node_modules/@expo/ngrok undici-types@5.26.5 OK for: @types/node@20.14.6 want: ~5.26.4
170 timing idealTree:node_modules/@expo/ngrok/node_modules/@types/node Completed in 1ms
171 timing idealTree:node_modules/@expo/ngrok/node_modules/@types/responselike Completed in 0ms
172 timing idealTree:node_modules/@expo/ngrok/node_modules/cacheable-lookup Completed in 0ms
173 silly placeDep node_modules/@expo/ngrok clone-response@1.0.3 OK for: cacheable-request@7.0.4 want: ^1.0.2
174 silly placeDep node_modules/@expo/ngrok get-stream@5.2.0 OK for: cacheable-request@7.0.4 want: ^5.1.0
175 silly placeDep node_modules/@expo/ngrok http-cache-semantics@4.1.1 OK for: cacheable-request@7.0.4 want: ^4.0.0
176 silly placeDep node_modules/@expo/ngrok keyv@4.5.4 OK for: cacheable-request@7.0.4 want: ^4.0.0
177 silly placeDep node_modules/@expo/ngrok normalize-url@6.1.0 OK for: cacheable-request@7.0.4 want: ^6.0.1
178 silly fetch manifest mimic-response@^1.0.0
179 silly fetch manifest pump@^3.0.0
180 silly fetch manifest json-buffer@3.0.1
181 http fetch GET 200 https://registry.npmjs.org/pump 223ms (cache revalidated)
182 http fetch GET 200 https://registry.npmjs.org/json-buffer 228ms (cache revalidated)
183 timing idealTree:node_modules/@expo/ngrok/node_modules/cacheable-request Completed in 235ms
184 silly placeDep node_modules/@expo/ngrok mimic-response@1.0.1 OK for: clone-response@1.0.3 want: ^1.0.0
185 timing idealTree:node_modules/@expo/ngrok/node_modules/clone-response Completed in 1ms
186 silly placeDep node_modules/@expo/ngrok/node_modules/decompress-response mimic-response@3.1.0 OK for: decompress-response@6.0.0 want: ^3.1.0
187 timing idealTree:node_modules/@expo/ngrok/node_modules/decompress-response Completed in 0ms
188 timing idealTree:node_modules/@expo/ngrok/node_modules/defer-to-connect Completed in 0ms
189 silly placeDep node_modules/@expo/ngrok pump@3.0.0 OK for: get-stream@5.2.0 want: ^3.0.0
190 silly fetch manifest end-of-stream@^1.1.0
191 silly fetch manifest once@^1.3.1
192 http fetch GET 200 https://registry.npmjs.org/end-of-stream 213ms (cache revalidated)
193 http fetch GET 200 https://registry.npmjs.org/once 230ms (cache revalidated)
194 timing idealTree:node_modules/@expo/ngrok/node_modules/get-stream Completed in 233ms
195 timing idealTree:node_modules/@expo/ngrok/node_modules/http-cache-semantics Completed in 0ms
196 silly placeDep node_modules/@expo/ngrok quick-lru@5.1.1 OK for: http2-wrapper@1.0.3 want: ^5.1.1
197 silly placeDep node_modules/@expo/ngrok resolve-alpn@1.2.1 OK for: http2-wrapper@1.0.3 want: ^1.0.0
198 timing idealTree:node_modules/@expo/ngrok/node_modules/http2-wrapper Completed in 1ms
199 silly placeDep node_modules/@expo/ngrok json-buffer@3.0.1 OK for: keyv@4.5.4 want: 3.0.1
200 timing idealTree:node_modules/@expo/ngrok/node_modules/keyv Completed in 0ms
201 timing idealTree:node_modules/@expo/ngrok/node_modules/json-buffer Completed in 0ms
202 timing idealTree:node_modules/@expo/ngrok/node_modules/lowercase-keys Completed in 0ms
203 timing idealTree:node_modules/@expo/ngrok/node_modules/mimic-response Completed in 0ms
204 timing idealTree:node_modules/@expo/ngrok/node_modules/normalize-url Completed in 0ms
205 timing idealTree:node_modules/@expo/ngrok/node_modules/p-cancelable Completed in 0ms
206 silly placeDep node_modules/@expo/ngrok end-of-stream@1.4.4 OK for: pump@3.0.0 want: ^1.1.0
207 silly placeDep node_modules/@expo/ngrok once@1.4.0 OK for: pump@3.0.0 want: ^1.3.1
208 silly fetch manifest wrappy@1
209 http fetch GET 200 https://registry.npmjs.org/wrappy 258ms (cache revalidated)
210 timing idealTree:node_modules/@expo/ngrok/node_modules/pump Completed in 260ms
211 timing idealTree:node_modules/@expo/ngrok/node_modules/end-of-stream Completed in 0ms
212 silly placeDep node_modules/@expo/ngrok wrappy@1.0.2 OK for: once@1.4.0 want: 1
213 timing idealTree:node_modules/@expo/ngrok/node_modules/once Completed in 1ms
214 timing idealTree:node_modules/@expo/ngrok/node_modules/quick-lru Completed in 0ms
215 timing idealTree:node_modules/@expo/ngrok/node_modules/resolve-alpn Completed in 0ms
216 timing idealTree:node_modules/@expo/ngrok/node_modules/responselike Completed in 0ms
217 timing idealTree:node_modules/@expo/ngrok/node_modules/undici-types Completed in 0ms
218 timing idealTree:node_modules/@expo/ngrok/node_modules/uuid Completed in 0ms
219 timing idealTree:node_modules/@expo/ngrok/node_modules/wrappy Completed in 0ms
220 timing idealTree:node_modules/@expo/ngrok/node_modules/yaml Completed in 0ms
221 timing idealTree:node_modules/@expo/ngrok/node_modules/decompress-response/node_modules/mimic-response Completed in 0ms
222 timing idealTree:buildDeps Completed in 10168ms
223 timing idealTree:fixDepFlags Completed in 1ms
224 timing idealTree Completed in 10176ms
225 timing reify:loadTrees Completed in 10178ms
226 timing reify:diffTrees Completed in 2ms
227 silly reify moves {}
228 timing reify:retireShallow Completed in 1ms
229 timing reify:createSparse Completed in 18ms
230 timing reify:loadBundles Completed in 0ms
231 silly audit bulk request {
231 silly audit   '@expo/ngrok': [ '4.1.3' ],
231 silly audit   '@expo/ngrok-bin': [ '2.3.42' ],
231 silly audit   got: [ '11.8.6' ],
231 silly audit   uuid: [ '3.4.0' ],
231 silly audit   yaml: [ '1.10.2' ],
231 silly audit   '@expo/ngrok-bin-darwin-arm64': [ '2.3.41' ],
231 silly audit   '@expo/ngrok-bin-darwin-x64': [ '2.3.41' ],
231 silly audit   '@expo/ngrok-bin-freebsd-ia32': [ '2.3.41' ],
231 silly audit   '@expo/ngrok-bin-freebsd-x64': [ '2.3.41' ],
231 silly audit   '@expo/ngrok-bin-linux-arm': [ '2.3.41' ],
231 silly audit   '@expo/ngrok-bin-linux-arm64': [ '2.3.41' ],
231 silly audit   '@expo/ngrok-bin-linux-ia32': [ '2.3.41' ],
231 silly audit   '@expo/ngrok-bin-linux-x64': [ '2.3.41' ],
231 silly audit   '@expo/ngrok-bin-sunos-x64': [ '2.3.41' ],
231 silly audit   '@expo/ngrok-bin-win32-ia32': [ '2.3.41' ],
231 silly audit   '@expo/ngrok-bin-win32-x64': [ '2.3.41' ],
231 silly audit   '@sindresorhus/is': [ '4.6.0' ],
231 silly audit   '@szmarczak/http-timer': [ '4.0.6' ],
231 silly audit   '@types/cacheable-request': [ '6.0.3' ],
231 silly audit   '@types/responselike': [ '1.0.3' ],
231 silly audit   'cacheable-lookup': [ '5.0.4' ],
231 silly audit   'cacheable-request': [ '7.0.4' ],
231 silly audit   'decompress-response': [ '6.0.0' ],
231 silly audit   'http2-wrapper': [ '1.0.3' ],
231 silly audit   'lowercase-keys': [ '2.0.0' ],
231 silly audit   'p-cancelable': [ '2.1.1' ],
231 silly audit   responselike: [ '2.0.1' ],
231 silly audit   'defer-to-connect': [ '2.0.1' ],
231 silly audit   '@types/http-cache-semantics': [ '4.0.4' ],
231 silly audit   '@types/keyv': [ '3.1.4' ],
231 silly audit   '@types/node': [ '20.14.6' ],
231 silly audit   'undici-types': [ '5.26.5' ],
231 silly audit   'clone-response': [ '1.0.3' ],
231 silly audit   'get-stream': [ '5.2.0' ],
231 silly audit   'http-cache-semantics': [ '4.1.1' ],
231 silly audit   keyv: [ '4.5.4' ],
231 silly audit   'normalize-url': [ '6.1.0' ],
231 silly audit   'mimic-response': [ '1.0.1', '3.1.0' ],
231 silly audit   pump: [ '3.0.0' ],
231 silly audit   'quick-lru': [ '5.1.1' ],
231 silly audit   'resolve-alpn': [ '1.2.1' ],
231 silly audit   'json-buffer': [ '3.0.1' ],
231 silly audit   'end-of-stream': [ '1.4.4' ],
231 silly audit   once: [ '1.4.0' ],
231 silly audit   wrappy: [ '1.0.2' ]
231 silly audit }
232 verbose reify failed optional dependency C:\Users\Lenovo\AppData\Roaming\npm\node_modules\@expo\ngrok\node_modules\@expo\ngrok-bin-win32-ia32
233 silly reify mark deleted [
233 silly reify   'C:\\Users\\Lenovo\\AppData\\Roaming\\npm\\node_modules\\@expo\\ngrok\\node_modules\\@expo\\ngrok-bin-win32-ia32'
233 silly reify ]
234 verbose reify failed optional dependency C:\Users\Lenovo\AppData\Roaming\npm\node_modules\@expo\ngrok\node_modules\@expo\ngrok-bin-sunos-x64
235 silly reify mark deleted [
235 silly reify   'C:\\Users\\Lenovo\\AppData\\Roaming\\npm\\node_modules\\@expo\\ngrok\\node_modules\\@expo\\ngrok-bin-sunos-x64'
235 silly reify ]
236 verbose reify failed optional dependency C:\Users\Lenovo\AppData\Roaming\npm\node_modules\@expo\ngrok\node_modules\@expo\ngrok-bin-linux-x64
237 silly reify mark deleted [
237 silly reify   'C:\\Users\\Lenovo\\AppData\\Roaming\\npm\\node_modules\\@expo\\ngrok\\node_modules\\@expo\\ngrok-bin-linux-x64'
237 silly reify ]
238 verbose reify failed optional dependency C:\Users\Lenovo\AppData\Roaming\npm\node_modules\@expo\ngrok\node_modules\@expo\ngrok-bin-linux-ia32
239 silly reify mark deleted [
239 silly reify   'C:\\Users\\Lenovo\\AppData\\Roaming\\npm\\node_modules\\@expo\\ngrok\\node_modules\\@expo\\ngrok-bin-linux-ia32'
239 silly reify ]
240 verbose reify failed optional dependency C:\Users\Lenovo\AppData\Roaming\npm\node_modules\@expo\ngrok\node_modules\@expo\ngrok-bin-linux-arm64
241 silly reify mark deleted [
241 silly reify   'C:\\Users\\Lenovo\\AppData\\Roaming\\npm\\node_modules\\@expo\\ngrok\\node_modules\\@expo\\ngrok-bin-linux-arm64'
241 silly reify ]
242 verbose reify failed optional dependency C:\Users\Lenovo\AppData\Roaming\npm\node_modules\@expo\ngrok\node_modules\@expo\ngrok-bin-linux-arm
243 silly reify mark deleted [
243 silly reify   'C:\\Users\\Lenovo\\AppData\\Roaming\\npm\\node_modules\\@expo\\ngrok\\node_modules\\@expo\\ngrok-bin-linux-arm'
243 silly reify ]
244 verbose reify failed optional dependency C:\Users\Lenovo\AppData\Roaming\npm\node_modules\@expo\ngrok\node_modules\@expo\ngrok-bin-freebsd-x64
245 silly reify mark deleted [
245 silly reify   'C:\\Users\\Lenovo\\AppData\\Roaming\\npm\\node_modules\\@expo\\ngrok\\node_modules\\@expo\\ngrok-bin-freebsd-x64'
245 silly reify ]
246 verbose reify failed optional dependency C:\Users\Lenovo\AppData\Roaming\npm\node_modules\@expo\ngrok\node_modules\@expo\ngrok-bin-freebsd-ia32
247 silly reify mark deleted [
247 silly reify   'C:\\Users\\Lenovo\\AppData\\Roaming\\npm\\node_modules\\@expo\\ngrok\\node_modules\\@expo\\ngrok-bin-freebsd-ia32'
247 silly reify ]
248 verbose reify failed optional dependency C:\Users\Lenovo\AppData\Roaming\npm\node_modules\@expo\ngrok\node_modules\@expo\ngrok-bin-darwin-x64
249 silly reify mark deleted [
249 silly reify   'C:\\Users\\Lenovo\\AppData\\Roaming\\npm\\node_modules\\@expo\\ngrok\\node_modules\\@expo\\ngrok-bin-darwin-x64'
249 silly reify ]
250 verbose reify failed optional dependency C:\Users\Lenovo\AppData\Roaming\npm\node_modules\@expo\ngrok\node_modules\@expo\ngrok-bin-darwin-arm64
251 silly reify mark deleted [
251 silly reify   'C:\\Users\\Lenovo\\AppData\\Roaming\\npm\\node_modules\\@expo\\ngrok\\node_modules\\@expo\\ngrok-bin-darwin-arm64'
251 silly reify ]
252 timing reifyNode:node_modules/@expo/ngrok/node_modules/@expo/ngrok-bin-win32-ia32 Completed in 6ms
253 timing reifyNode:node_modules/@expo/ngrok/node_modules/@expo/ngrok-bin-sunos-x64 Completed in 6ms
254 timing reifyNode:node_modules/@expo/ngrok/node_modules/@expo/ngrok-bin-linux-x64 Completed in 6ms
255 timing reifyNode:node_modules/@expo/ngrok/node_modules/@expo/ngrok-bin-linux-ia32 Completed in 6ms
256 timing reifyNode:node_modules/@expo/ngrok/node_modules/@expo/ngrok-bin-linux-arm64 Completed in 7ms
257 timing reifyNode:node_modules/@expo/ngrok/node_modules/@expo/ngrok-bin-linux-arm Completed in 7ms
258 timing reifyNode:node_modules/@expo/ngrok/node_modules/@expo/ngrok-bin-freebsd-x64 Completed in 7ms
259 timing reifyNode:node_modules/@expo/ngrok/node_modules/@expo/ngrok-bin-freebsd-ia32 Completed in 7ms
260 timing reifyNode:node_modules/@expo/ngrok/node_modules/@expo/ngrok-bin-darwin-x64 Completed in 7ms
261 timing reifyNode:node_modules/@expo/ngrok/node_modules/@expo/ngrok-bin-darwin-arm64 Completed in 7ms
262 silly tarball no local data for @expo/ngrok@https://registry.npmjs.org/@expo/ngrok/-/ngrok-4.1.3.tgz. Extracting by manifest.
263 silly tarball no local data for @expo/ngrok-bin-win32-x64@https://registry.npmjs.org/@expo/ngrok-bin-win32-x64/-/ngrok-bin-win32-x64-2.3.41.tgz. Extracting by manifest.
264 silly tarball no local data for @expo/ngrok-bin@https://registry.npmjs.org/@expo/ngrok-bin/-/ngrok-bin-2.3.42.tgz. Extracting by manifest.
265 timing reifyNode:node_modules/@expo/ngrok/node_modules/once Completed in 122ms
266 timing reifyNode:node_modules/@expo/ngrok/node_modules/wrappy Completed in 122ms
267 timing reifyNode:node_modules/@expo/ngrok/node_modules/resolve-alpn Completed in 122ms
268 timing reifyNode:node_modules/@expo/ngrok/node_modules/end-of-stream Completed in 123ms
269 timing reifyNode:node_modules/@expo/ngrok/node_modules/@types/keyv Completed in 122ms
270 timing reifyNode:node_modules/@expo/ngrok/node_modules/mimic-response Completed in 123ms
271 timing reifyNode:node_modules/@expo/ngrok/node_modules/@types/http-cache-semantics Completed in 123ms
272 timing reifyNode:node_modules/@expo/ngrok/node_modules/@types/responselike Completed in 123ms
273 timing reifyNode:node_modules/@expo/ngrok/node_modules/@types/cacheable-request Completed in 124ms
274 timing reifyNode:node_modules/@expo/ngrok/node_modules/clone-response Completed in 124ms
275 timing reifyNode:node_modules/@expo/ngrok/node_modules/http-cache-semantics Completed in 126ms
276 timing reifyNode:node_modules/@expo/ngrok/node_modules/responselike Completed in 125ms
277 timing reifyNode:node_modules/@expo/ngrok/node_modules/keyv Completed in 126ms
278 timing reifyNode:node_modules/@expo/ngrok/node_modules/cacheable-request Completed in 125ms
279 timing reifyNode:node_modules/@expo/ngrok/node_modules/quick-lru Completed in 127ms
280 timing reifyNode:node_modules/@expo/ngrok/node_modules/lowercase-keys Completed in 126ms
281 timing reifyNode:node_modules/@expo/ngrok/node_modules/decompress-response/node_modules/mimic-response Completed in 126ms
282 timing reifyNode:node_modules/@expo/ngrok/node_modules/normalize-url Completed in 128ms
283 timing reifyNode:node_modules/@expo/ngrok/node_modules/decompress-response Completed in 127ms
284 timing reifyNode:node_modules/@expo/ngrok/node_modules/p-cancelable Completed in 128ms
285 timing reifyNode:node_modules/@expo/ngrok/node_modules/defer-to-connect Completed in 128ms
286 timing reifyNode:node_modules/@expo/ngrok/node_modules/@szmarczak/http-timer Completed in 128ms
287 timing reifyNode:node_modules/@expo/ngrok/node_modules/cacheable-lookup Completed in 128ms
288 timing reifyNode:node_modules/@expo/ngrok/node_modules/get-stream Completed in 129ms
289 timing reifyNode:node_modules/@expo/ngrok/node_modules/json-buffer Completed in 130ms
290 timing reifyNode:node_modules/@expo/ngrok/node_modules/pump Completed in 131ms
291 timing reifyNode:node_modules/@expo/ngrok/node_modules/@sindresorhus/is Completed in 131ms
292 timing reifyNode:node_modules/@expo/ngrok/node_modules/http2-wrapper Completed in 140ms
293 warn deprecated uuid@3.4.0: Please upgrade  to version 7 or higher.  Older versions may use Math.random() in certain circumstances, which is known to be problematic.  See https://v8.dev/blog/math-random for details.
294 timing reifyNode:node_modules/@expo/ngrok/node_modules/uuid Completed in 144ms
295 timing reifyNode:node_modules/@expo/ngrok/node_modules/undici-types Completed in 159ms
296 timing reifyNode:node_modules/@expo/ngrok/node_modules/got Completed in 174ms
297 timing reifyNode:node_modules/@expo/ngrok/node_modules/yaml Completed in 181ms
298 timing reifyNode:node_modules/@expo/ngrok/node_modules/@types/node Completed in 211ms
299 http fetch POST 200 https://registry.npmjs.org/-/npm/v1/security/advisories/bulk 400ms
300 timing auditReport:getReport Completed in 403ms
301 silly audit report {}
302 timing auditReport:init Completed in 0ms
303 timing reify:audit Completed in 404ms
304 http fetch GET 200 https://registry.npmjs.org/@expo/ngrok/-/ngrok-4.1.3.tgz 1163ms (cache miss)
305 timing reifyNode:node_modules/@expo/ngrok Completed in 1185ms
306 http fetch GET 200 https://registry.npmjs.org/@expo/ngrok-bin/-/ngrok-bin-2.3.42.tgz 1305ms (cache miss)
307 timing reifyNode:node_modules/@expo/ngrok/node_modules/@expo/ngrok-bin Completed in 1329ms
308 http fetch GET 200 https://registry.npmjs.org/@expo/ngrok-bin-win32-x64/-/ngrok-bin-win32-x64-2.3.41.tgz 2922ms (cache miss)
309 timing reifyNode:node_modules/@expo/ngrok/node_modules/@expo/ngrok-bin-win32-x64 Completed in 2945ms
310 timing reify:unpack Completed in 2947ms
311 timing reify:unretire Completed in 0ms
312 timing build:queue Completed in 2ms
313 timing build:link:node_modules/@expo/ngrok/node_modules/uuid Completed in 11ms
314 timing build:link:node_modules/@expo/ngrok/node_modules/@expo/ngrok-bin Completed in 15ms
315 timing build:link Completed in 15ms
316 timing build:deps Completed in 17ms
317 timing build Completed in 17ms
318 timing reify:build Completed in 17ms
319 timing reify:trash Completed in 2ms
320 timing reify Completed in 13177ms
321 silly ADD node_modules/@expo/ngrok
322 silly ADD node_modules/@expo/ngrok/node_modules/wrappy
323 silly ADD node_modules/@expo/ngrok/node_modules/once
324 silly ADD node_modules/@expo/ngrok/node_modules/end-of-stream
325 silly ADD node_modules/@expo/ngrok/node_modules/json-buffer
326 silly ADD node_modules/@expo/ngrok/node_modules/resolve-alpn
327 silly ADD node_modules/@expo/ngrok/node_modules/quick-lru
328 silly ADD node_modules/@expo/ngrok/node_modules/pump
329 silly ADD node_modules/@expo/ngrok/node_modules/mimic-response
330 silly ADD node_modules/@expo/ngrok/node_modules/normalize-url
331 silly ADD node_modules/@expo/ngrok/node_modules/keyv
332 silly ADD node_modules/@expo/ngrok/node_modules/http-cache-semantics
333 silly ADD node_modules/@expo/ngrok/node_modules/get-stream
334 silly ADD node_modules/@expo/ngrok/node_modules/clone-response
335 silly ADD node_modules/@expo/ngrok/node_modules/undici-types
336 silly ADD node_modules/@expo/ngrok/node_modules/@types/node
337 silly ADD node_modules/@expo/ngrok/node_modules/@types/keyv
338 silly ADD node_modules/@expo/ngrok/node_modules/@types/http-cache-semantics
339 silly ADD node_modules/@expo/ngrok/node_modules/defer-to-connect
340 silly ADD node_modules/@expo/ngrok/node_modules/responselike
341 silly ADD node_modules/@expo/ngrok/node_modules/p-cancelable
342 silly ADD node_modules/@expo/ngrok/node_modules/lowercase-keys
343 silly ADD node_modules/@expo/ngrok/node_modules/http2-wrapper
344 silly ADD node_modules/@expo/ngrok/node_modules/decompress-response
345 silly ADD node_modules/@expo/ngrok/node_modules/decompress-response/node_modules/mimic-response
346 silly ADD node_modules/@expo/ngrok/node_modules/cacheable-request
347 silly ADD node_modules/@expo/ngrok/node_modules/cacheable-lookup
348 silly ADD node_modules/@expo/ngrok/node_modules/@types/responselike
349 silly ADD node_modules/@expo/ngrok/node_modules/@types/cacheable-request
350 silly ADD node_modules/@expo/ngrok/node_modules/@szmarczak/http-timer
351 silly ADD node_modules/@expo/ngrok/node_modules/@sindresorhus/is
352 silly ADD node_modules/@expo/ngrok/node_modules/@expo/ngrok-bin-win32-x64
353 silly ADD
354 silly ADD
355 silly ADD
356 silly ADD
357 silly ADD
358 silly ADD
359 silly ADD
360 silly ADD
361 silly ADD
362 silly ADD
363 silly ADD node_modules/@expo/ngrok/node_modules/yaml
364 silly ADD node_modules/@expo/ngrok/node_modules/uuid
365 silly ADD node_modules/@expo/ngrok/node_modules/got
366 silly ADD node_modules/@expo/ngrok/node_modules/@expo/ngrok-bin
367 timing command:install Completed in 13182ms
368 verbose exit 0
369 timing npm Completed in 13407ms
370 info ok
