0 verbose cli C:\Program Files\nodejs\node.exe C:\Users\Lenovo\AppData\Roaming\npm\node_modules\npm\bin\npm-cli.js
1 info using npm@8.19.4
2 info using node@v18.20.3
3 timing npm:load:whichnode Completed in 1ms
4 timing config:load:defaults Completed in 2ms
5 timing config:load:file:C:\Users\Lenovo\AppData\Roaming\npm\node_modules\npm\npmrc Completed in 2ms
6 timing config:load:builtin Completed in 2ms
7 timing config:load:cli Completed in 1ms
8 timing config:load:env Completed in 1ms
9 timing config:load:file:C:\Users\Lenovo\paws\.npmrc Completed in 0ms
10 timing config:load:project Completed in 1ms
11 timing config:load:file:C:\Users\Lenovo\.npmrc Completed in 1ms
12 timing config:load:user Completed in 1ms
13 timing config:load:file:C:\Users\Lenovo\AppData\Roaming\npm\etc\npmrc Completed in 0ms
14 timing config:load:global Completed in 0ms
15 timing config:load:validate Completed in 0ms
16 timing config:load:credentials Completed in 1ms
17 timing config:load:setEnvs Completed in 1ms
18 timing config:load Completed in 10ms
19 timing npm:load:configload Completed in 10ms
20 timing npm:load:mkdirpcache Completed in 0ms
21 timing npm:load:mkdirplogs Completed in 1ms
22 verbose title npm install react-native-screens react-native-safe-area-context
23 verbose argv "install" "react-native-screens" "react-native-safe-area-context"
24 timing npm:load:setTitle Completed in 1ms
25 timing config:load:flatten Completed in 2ms
26 timing npm:load:display Completed in 3ms
27 verbose logfile logs-max:10 dir:C:\Users\Lenovo\paws\UsersLenovoAppDataLocalnpm-cache\_logs
28 verbose logfile C:\Users\Lenovo\paws\UsersLenovoAppDataLocalnpm-cache\_logs\2024-06-27T04_51_47_182Z-debug-0.log
29 timing npm:load:logFile Completed in 4ms
30 timing npm:load:timers Completed in 1ms
31 timing npm:load:configScope Completed in 0ms
32 timing npm:load Completed in 21ms
33 timing arborist:ctor Completed in 0ms
34 silly logfile start cleaning logs, removing 1 files
35 silly logfile done cleaning log files
36 timing idealTree:init Completed in 525ms
37 timing idealTree:userRequests Completed in 3ms
38 silly idealTree buildDeps
39 silly fetch manifest react-native-safe-area-context@4.10.1
40 timing arborist:ctor Completed in 0ms
41 http fetch GET 200 https://registry.npmjs.org/react-native-safe-area-context 517ms (cache hit)
42 silly fetch manifest react@18.2.0
43 http fetch GET 200 https://registry.npmjs.org/react 11ms (cache hit)
44 silly fetch manifest react-native@0.74.2
45 http fetch GET 200 https://registry.npmjs.org/react-native 17ms (cache hit)
46 silly fetch manifest @types/react@~18.2.45
47 http fetch GET 200 https://registry.npmjs.org/@types%2freact 10ms (cache hit)
48 silly fetch manifest react-native-screens@3.31.1
49 http fetch GET 200 https://registry.npmjs.org/react-native-screens 12ms (cache hit)
50 silly placeDep ROOT react-native-safe-area-context@4.10.1 REPLACE for: paws@1.0.0 want: 4.10.1
51 silly placeDep ROOT react-native-screens@3.31.1 REPLACE for: paws@1.0.0 want: 3.31.1
52 timing idealTree:#root Completed in 658ms
53 timing idealTree:node_modules/react-native-safe-area-context Completed in 0ms
54 timing idealTree:node_modules/react-native-screens Completed in 0ms
55 timing idealTree:buildDeps Completed in 659ms
56 timing idealTree:fixDepFlags Completed in 15ms
57 timing idealTree Completed in 1217ms
58 timing reify:loadTrees Completed in 1218ms
59 timing reify:diffTrees Completed in 26ms
60 silly reify moves {}
61 timing reify:retireShallow Completed in 1ms
62 timing reify:createSparse Completed in 0ms
63 timing reify:loadBundles Completed in 0ms
64 silly audit bulk request {
64 silly audit   '@ampproject/remapping': [ '2.3.0' ],
64 silly audit   '@babel/code-frame': [ '7.24.7', '7.10.4' ],
64 silly audit   '@babel/compat-data': [ '7.24.7' ],
64 silly audit   '@babel/core': [ '7.24.7' ],
64 silly audit   '@babel/generator': [ '7.24.7' ],
64 silly audit   '@babel/helper-annotate-as-pure': [ '7.24.7' ],
64 silly audit   '@babel/helper-builder-binary-assignment-operator-visitor': [ '7.24.7' ],
64 silly audit   '@babel/helper-compilation-targets': [ '7.24.7' ],
64 silly audit   '@babel/helper-create-class-features-plugin': [ '7.24.7' ],
64 silly audit   '@babel/helper-create-regexp-features-plugin': [ '7.24.7' ],
64 silly audit   '@babel/helper-define-polyfill-provider': [ '0.6.2' ],
64 silly audit   '@babel/helper-environment-visitor': [ '7.24.7' ],
64 silly audit   '@babel/helper-function-name': [ '7.24.7' ],
64 silly audit   '@babel/helper-hoist-variables': [ '7.24.7' ],
64 silly audit   '@babel/helper-member-expression-to-functions': [ '7.24.7' ],
64 silly audit   '@babel/helper-module-imports': [ '7.24.7' ],
64 silly audit   '@babel/helper-module-transforms': [ '7.24.7' ],
64 silly audit   '@babel/helper-optimise-call-expression': [ '7.24.7' ],
64 silly audit   '@babel/helper-plugin-utils': [ '7.24.7' ],
64 silly audit   '@babel/helper-remap-async-to-generator': [ '7.24.7' ],
64 silly audit   '@babel/helper-replace-supers': [ '7.24.7' ],
64 silly audit   '@babel/helper-simple-access': [ '7.24.7' ],
64 silly audit   '@babel/helper-skip-transparent-expression-wrappers': [ '7.24.7' ],
64 silly audit   '@babel/helper-split-export-declaration': [ '7.24.7' ],
64 silly audit   '@babel/helper-string-parser': [ '7.24.7' ],
64 silly audit   '@babel/helper-validator-identifier': [ '7.24.7' ],
64 silly audit   '@babel/helper-validator-option': [ '7.24.7' ],
64 silly audit   '@babel/helper-wrap-function': [ '7.24.7' ],
64 silly audit   '@babel/helpers': [ '7.24.7' ],
64 silly audit   '@babel/highlight': [ '7.24.7' ],
64 silly audit   '@babel/parser': [ '7.24.7' ],
64 silly audit   '@babel/plugin-bugfix-firefox-class-in-computed-class-key': [ '7.24.7' ],
64 silly audit   '@babel/plugin-bugfix-safari-id-destructuring-collision-in-function-expression': [ '7.24.7' ],
64 silly audit   '@babel/plugin-bugfix-v8-spread-parameters-in-optional-chaining': [ '7.24.7' ],
64 silly audit   '@babel/plugin-bugfix-v8-static-class-fields-redefine-readonly': [ '7.24.7' ],
64 silly audit   '@babel/plugin-proposal-async-generator-functions': [ '7.20.7' ],
64 silly audit   '@babel/plugin-proposal-class-properties': [ '7.18.6' ],
64 silly audit   '@babel/plugin-proposal-decorators': [ '7.24.7' ],
64 silly audit   '@babel/plugin-proposal-export-default-from': [ '7.24.7' ],
64 silly audit   '@babel/plugin-proposal-logical-assignment-operators': [ '7.20.7' ],
64 silly audit   '@babel/plugin-proposal-nullish-coalescing-operator': [ '7.18.6' ],
64 silly audit   '@babel/plugin-proposal-numeric-separator': [ '7.18.6' ],
64 silly audit   '@babel/plugin-proposal-object-rest-spread': [ '7.20.7' ],
64 silly audit   '@babel/plugin-proposal-optional-catch-binding': [ '7.18.6' ],
64 silly audit   '@babel/plugin-proposal-optional-chaining': [ '7.21.0' ],
64 silly audit   '@babel/plugin-proposal-private-property-in-object': [ '7.21.0-placeholder-for-preset-env.2' ],
64 silly audit   '@babel/plugin-syntax-async-generators': [ '7.8.4' ],
64 silly audit   '@babel/plugin-syntax-class-properties': [ '7.12.13' ],
64 silly audit   '@babel/plugin-syntax-class-static-block': [ '7.14.5' ],
64 silly audit   '@babel/plugin-syntax-decorators': [ '7.24.7' ],
64 silly audit   '@babel/plugin-syntax-dynamic-import': [ '7.8.3' ],
64 silly audit   '@babel/plugin-syntax-export-default-from': [ '7.24.7' ],
64 silly audit   '@babel/plugin-syntax-export-namespace-from': [ '7.8.3' ],
64 silly audit   '@babel/plugin-syntax-flow': [ '7.24.7' ],
64 silly audit   '@babel/plugin-syntax-import-assertions': [ '7.24.7' ],
64 silly audit   '@babel/plugin-syntax-import-attributes': [ '7.24.7' ],
64 silly audit   '@babel/plugin-syntax-import-meta': [ '7.10.4' ],
64 silly audit   '@babel/plugin-syntax-json-strings': [ '7.8.3' ],
64 silly audit   '@babel/plugin-syntax-jsx': [ '7.24.7' ],
64 silly audit   '@babel/plugin-syntax-logical-assignment-operators': [ '7.10.4' ],
64 silly audit   '@babel/plugin-syntax-nullish-coalescing-operator': [ '7.8.3' ],
64 silly audit   '@babel/plugin-syntax-numeric-separator': [ '7.10.4' ],
64 silly audit   '@babel/plugin-syntax-object-rest-spread': [ '7.8.3' ],
64 silly audit   '@babel/plugin-syntax-optional-catch-binding': [ '7.8.3' ],
64 silly audit   '@babel/plugin-syntax-optional-chaining': [ '7.8.3' ],
64 silly audit   '@babel/plugin-syntax-private-property-in-object': [ '7.14.5' ],
64 silly audit   '@babel/plugin-syntax-top-level-await': [ '7.14.5' ],
64 silly audit   '@babel/plugin-syntax-typescript': [ '7.24.7' ],
64 silly audit   '@babel/plugin-syntax-unicode-sets-regex': [ '7.18.6' ],
64 silly audit   '@babel/plugin-transform-arrow-functions': [ '7.24.7' ],
64 silly audit   '@babel/plugin-transform-async-generator-functions': [ '7.24.7' ],
64 silly audit   '@babel/plugin-transform-async-to-generator': [ '7.24.7' ],
64 silly audit   '@babel/plugin-transform-block-scoped-functions': [ '7.24.7' ],
64 silly audit   '@babel/plugin-transform-block-scoping': [ '7.24.7' ],
64 silly audit   '@babel/plugin-transform-class-properties': [ '7.24.7' ],
64 silly audit   '@babel/plugin-transform-class-static-block': [ '7.24.7' ],
64 silly audit   '@babel/plugin-transform-classes': [ '7.24.7' ],
64 silly audit   '@babel/plugin-transform-computed-properties': [ '7.24.7' ],
64 silly audit   '@babel/plugin-transform-destructuring': [ '7.24.7' ],
64 silly audit   '@babel/plugin-transform-dotall-regex': [ '7.24.7' ],
64 silly audit   '@babel/plugin-transform-duplicate-keys': [ '7.24.7' ],
64 silly audit   '@babel/plugin-transform-dynamic-import': [ '7.24.7' ],
64 silly audit   '@babel/plugin-transform-exponentiation-operator': [ '7.24.7' ],
64 silly audit   '@babel/plugin-transform-export-namespace-from': [ '7.24.7' ],
64 silly audit   '@babel/plugin-transform-flow-strip-types': [ '7.24.7' ],
64 silly audit   '@babel/plugin-transform-for-of': [ '7.24.7' ],
64 silly audit   '@babel/plugin-transform-function-name': [ '7.24.7' ],
64 silly audit   '@babel/plugin-transform-json-strings': [ '7.24.7' ],
64 silly audit   '@babel/plugin-transform-literals': [ '7.24.7' ],
64 silly audit   '@babel/plugin-transform-logical-assignment-operators': [ '7.24.7' ],
64 silly audit   '@babel/plugin-transform-member-expression-literals': [ '7.24.7' ],
64 silly audit   '@babel/plugin-transform-modules-amd': [ '7.24.7' ],
64 silly audit   '@babel/plugin-transform-modules-commonjs': [ '7.24.7' ],
64 silly audit   '@babel/plugin-transform-modules-systemjs': [ '7.24.7' ],
64 silly audit   '@babel/plugin-transform-modules-umd': [ '7.24.7' ],
64 silly audit   '@babel/plugin-transform-named-capturing-groups-regex': [ '7.24.7' ],
64 silly audit   '@babel/plugin-transform-new-target': [ '7.24.7' ],
64 silly audit   '@babel/plugin-transform-nullish-coalescing-operator': [ '7.24.7' ],
64 silly audit   '@babel/plugin-transform-numeric-separator': [ '7.24.7' ],
64 silly audit   '@babel/plugin-transform-object-rest-spread': [ '7.24.7' ],
64 silly audit   '@babel/plugin-transform-object-super': [ '7.24.7' ],
64 silly audit   '@babel/plugin-transform-optional-catch-binding': [ '7.24.7' ],
64 silly audit   '@babel/plugin-transform-optional-chaining': [ '7.24.7' ],
64 silly audit   '@babel/plugin-transform-parameters': [ '7.24.7' ],
64 silly audit   '@babel/plugin-transform-private-methods': [ '7.24.7' ],
64 silly audit   '@babel/plugin-transform-private-property-in-object': [ '7.24.7' ],
64 silly audit   '@babel/plugin-transform-property-literals': [ '7.24.7' ],
64 silly audit   '@babel/plugin-transform-react-display-name': [ '7.24.7' ],
64 silly audit   '@babel/plugin-transform-react-jsx': [ '7.24.7' ],
64 silly audit   '@babel/plugin-transform-react-jsx-development': [ '7.24.7' ],
64 silly audit   '@babel/plugin-transform-react-jsx-self': [ '7.24.7' ],
64 silly audit   '@babel/plugin-transform-react-jsx-source': [ '7.24.7' ],
64 silly audit   '@babel/plugin-transform-react-pure-annotations': [ '7.24.7' ],
64 silly audit   '@babel/plugin-transform-regenerator': [ '7.24.7' ],
64 silly audit   '@babel/plugin-transform-reserved-words': [ '7.24.7' ],
64 silly audit   '@babel/plugin-transform-runtime': [ '7.24.7' ],
64 silly audit   '@babel/plugin-transform-shorthand-properties': [ '7.24.7' ],
64 silly audit   '@babel/plugin-transform-spread': [ '7.24.7' ],
64 silly audit   '@babel/plugin-transform-sticky-regex': [ '7.24.7' ],
64 silly audit   '@babel/plugin-transform-template-literals': [ '7.24.7' ],
64 silly audit   '@babel/plugin-transform-typeof-symbol': [ '7.24.7' ],
64 silly audit   '@babel/plugin-transform-typescript': [ '7.24.7' ],
64 silly audit   '@babel/plugin-transform-unicode-escapes': [ '7.24.7' ],
64 silly audit   '@babel/plugin-transform-unicode-property-regex': [ '7.24.7' ],
64 silly audit   '@babel/plugin-transform-unicode-regex': [ '7.24.7' ],
64 silly audit   '@babel/plugin-transform-unicode-sets-regex': [ '7.24.7' ],
64 silly audit   '@babel/preset-env': [ '7.24.7' ],
64 silly audit   '@babel/preset-flow': [ '7.24.7' ],
64 silly audit   '@babel/preset-modules': [ '0.1.6-no-external-plugins' ],
64 silly audit   '@babel/preset-react': [ '7.24.7' ],
64 silly audit   '@babel/preset-typescript': [ '7.24.7' ],
64 silly audit   '@babel/register': [ '7.24.6' ],
64 silly audit   '@babel/regjsgen': [ '0.8.0' ],
64 silly audit   '@babel/runtime': [ '7.24.7' ],
64 silly audit   '@babel/template': [ '7.24.7' ],
64 silly audit   '@babel/traverse': [ '7.24.7' ],
64 silly audit   '@babel/types': [ '7.24.7' ],
64 silly audit   '@egjs/hammerjs': [ '2.0.17' ],
64 silly audit   '@expo/bunyan': [ '4.0.0' ],
64 silly audit   '@expo/cli': [ '0.18.19' ],
64 silly audit   'ansi-styles': [ '4.3.0', '6.2.1', '3.2.1', '5.2.0' ],
64 silly audit   chalk: [ '4.1.2', '2.4.2' ],
64 silly audit   'color-convert': [ '2.0.1', '1.9.3' ],
64 silly audit   'color-name': [ '1.1.4', '1.1.3' ],
64 silly audit   'has-flag': [ '4.0.0', '3.0.0' ],
64 silly audit   semver: [ '7.6.2', '5.7.2', '6.3.1' ],
64 silly audit   'supports-color': [ '7.2.0', '8.1.1', '5.5.0' ],
64 silly audit   '@expo/code-signing-certificates': [ '0.0.5' ],
64 silly audit   '@expo/config': [ '9.0.1' ],
64 silly audit   '@expo/config-plugins': [ '8.0.5' ],
64 silly audit   glob: [ '7.1.6', '10.4.2', '7.2.3', '6.0.4' ],
64 silly audit   '@expo/config-types': [ '51.0.1' ],
64 silly audit   '@expo/devcert': [ '1.1.2' ],
64 silly audit   debug: [ '3.2.7', '2.6.9', '4.3.5' ],
64 silly audit   '@expo/env': [ '0.3.0' ],
64 silly audit   '@expo/image-utils': [ '0.5.1' ],
64 silly audit   'crypto-random-string': [ '1.0.0', '2.0.0' ],
64 silly audit   'fs-extra': [ '9.0.0', '9.1.0', '8.1.0' ],
64 silly audit   jsonfile: [ '6.1.0', '4.0.0' ],
64 silly audit   universalify: [ '2.0.1', '1.0.0', '0.1.2' ],
64 silly audit   'temp-dir': [ '1.0.0', '2.0.0' ],
64 silly audit   tempy: [ '0.3.0', '0.7.1' ],
64 silly audit   'type-fest': [ '0.3.1', '0.7.1', '0.16.0', '0.21.3' ],
64 silly audit   'unique-string': [ '1.0.0', '2.0.0' ],
64 silly audit   '@expo/json-file': [ '8.3.3' ],
64 silly audit   '@expo/metro-config': [ '0.18.7' ],
64 silly audit   '@expo/osascript': [ '2.1.3' ],
64 silly audit   '@expo/package-manager': [ '1.5.2' ],
64 silly audit   'sudo-prompt': [ '9.1.1', '9.2.1', '8.2.5' ],
64 silly audit   '@expo/plist': [ '0.1.3' ],
64 silly audit   '@expo/prebuild-config': [ '7.0.6' ],
64 silly audit   '@expo/rudder-sdk-node': [ '1.1.1' ],
64 silly audit   '@expo/sdk-runtime-versions': [ '1.0.0' ],
64 silly audit   '@expo/spawn-async': [ '1.7.2' ],
64 silly audit   '@expo/vector-icons': [ '14.0.2' ],
64 silly audit   '@expo/xcpretty': [ '4.3.1' ],
64 silly audit   argparse: [ '2.0.1', '1.0.10' ],
64 silly audit   'js-yaml': [ '4.1.0', '3.14.1' ],
64 silly audit   '@fastify/busboy': [ '2.1.1' ],
64 silly audit   '@firebase/analytics': [ '0.10.4' ],
64 silly audit   '@firebase/analytics-compat': [ '0.2.10' ],
64 silly audit   '@firebase/analytics-types': [ '0.8.2' ],
64 silly audit   '@firebase/app': [ '0.10.5' ],
64 silly audit   '@firebase/app-check': [ '0.8.4' ],
64 silly audit   '@firebase/app-check-compat': [ '0.3.11' ],
64 silly audit   '@firebase/app-check-interop-types': [ '0.3.2' ],
64 silly audit   '@firebase/app-check-types': [ '0.5.2' ],
64 silly audit   '@firebase/app-compat': [ '0.2.35' ],
64 silly audit   '@firebase/app-types': [ '0.9.2' ],
64 silly audit   '@firebase/auth': [ '1.7.4' ],
64 silly audit   '@firebase/auth-compat': [ '0.5.9' ],
64 silly audit   '@firebase/auth-interop-types': [ '0.2.3' ],
64 silly audit   '@firebase/auth-types': [ '0.12.2' ],
64 silly audit   '@firebase/component': [ '0.6.7' ],
64 silly audit   '@firebase/database': [ '1.0.5' ],
64 silly audit   '@firebase/database-compat': [ '1.0.5' ],
64 silly audit   '@firebase/database-types': [ '1.0.3' ],
64 silly audit   '@firebase/firestore': [ '4.6.3' ],
64 silly audit   '@firebase/firestore-compat': [ '0.3.32' ],
64 silly audit   '@firebase/firestore-types': [ '3.0.2' ],
64 silly audit   '@firebase/functions': [ '0.11.5' ],
64 silly audit   '@firebase/functions-compat': [ '0.3.11' ],
64 silly audit   '@firebase/functions-types': [ '0.6.2' ],
64 silly audit   '@firebase/installations': [ '0.6.7' ],
64 silly audit   '@firebase/installations-compat': [ '0.2.7' ],
64 silly audit   '@firebase/installations-types': [ '0.5.2' ],
64 silly audit   '@firebase/logger': [ '0.4.2' ],
64 silly audit   '@firebase/messaging': [ '0.12.9' ],
64 silly audit   '@firebase/messaging-compat': [ '0.2.9' ],
64 silly audit   '@firebase/messaging-interop-types': [ '0.2.2' ],
64 silly audit   '@firebase/performance': [ '0.6.7' ],
64 silly audit   '@firebase/performance-compat': [ '0.2.7' ],
64 silly audit   '@firebase/performance-types': [ '0.2.2' ],
64 silly audit   '@firebase/remote-config': [ '0.4.7' ],
64 silly audit   '@firebase/remote-config-compat': [ '0.2.7' ],
64 silly audit   '@firebase/remote-config-types': [ '0.3.2' ],
64 silly audit   '@firebase/storage': [ '0.12.5' ],
64 silly audit   '@firebase/storage-compat': [ '0.3.8' ],
64 silly audit   '@firebase/storage-types': [ '0.8.2' ],
64 silly audit   '@firebase/util': [ '1.9.6' ],
64 silly audit   '@firebase/vertexai-preview': [ '0.0.2' ],
64 silly audit   '@firebase/webchannel-wrapper': [ '1.0.0' ],
64 silly audit   '@graphql-typed-document-node/core': [ '3.2.0' ],
64 silly audit   '@grpc/grpc-js': [ '1.9.15' ],
64 silly audit   '@grpc/proto-loader': [ '0.7.13' ],
64 silly audit   '@hapi/hoek': [ '9.3.0' ],
64 silly audit   '@hapi/topo': [ '5.1.0' ],
64 silly audit   '@isaacs/cliui': [ '8.0.2' ],
64 silly audit   'ansi-regex': [ '6.0.1', '5.0.1', '4.1.1' ],
64 silly audit   'emoji-regex': [ '9.2.2', '8.0.0' ],
64 silly audit   'string-width': [ '5.1.2', '4.2.3' ],
64 silly audit   'strip-ansi': [ '7.1.0', '6.0.1', '5.2.0' ],
64 silly audit   'wrap-ansi': [ '8.1.0', '6.2.0', '7.0.0' ],
64 silly audit   '@isaacs/ttlcache': [ '1.4.1' ],
64 silly audit   '@jest/create-cache-key-function': [ '29.7.0' ],
64 silly audit   '@jest/environment': [ '29.7.0' ],
64 silly audit   '@jest/fake-timers': [ '29.7.0' ],
64 silly audit   '@jest/schemas': [ '29.6.3' ],
64 silly audit   '@jest/types': [ '29.6.3', '26.6.2' ],
64 silly audit   '@jridgewell/gen-mapping': [ '0.3.5' ],
64 silly audit   '@jridgewell/resolve-uri': [ '3.1.2' ],
64 silly audit   '@jridgewell/set-array': [ '1.2.1' ],
64 silly audit   '@jridgewell/source-map': [ '0.3.6' ],
64 silly audit   '@jridgewell/sourcemap-codec': [ '1.4.15' ],
64 silly audit   '@jridgewell/trace-mapping': [ '0.3.25' ],
64 silly audit   '@nodelib/fs.scandir': [ '2.1.5' ],
64 silly audit   '@nodelib/fs.stat': [ '2.0.5' ],
64 silly audit   '@nodelib/fs.walk': [ '1.2.8' ],
64 silly audit   '@npmcli/fs': [ '3.1.1' ],
64 silly audit   '@pkgjs/parseargs': [ '0.11.0' ],
64 silly audit   '@protobufjs/aspromise': [ '1.1.2' ],
64 silly audit   '@protobufjs/base64': [ '1.1.2' ],
64 silly audit   '@protobufjs/codegen': [ '2.0.4' ],
64 silly audit   '@protobufjs/eventemitter': [ '1.1.0' ],
64 silly audit   '@protobufjs/fetch': [ '1.1.0' ],
64 silly audit   '@protobufjs/float': [ '1.0.2' ],
64 silly audit   '@protobufjs/inquire': [ '1.1.0' ],
64 silly audit   '@protobufjs/path': [ '1.1.2' ],
64 silly audit   '@protobufjs/pool': [ '1.1.0' ],
64 silly audit   '@protobufjs/utf8': [ '1.1.0' ],
64 silly audit   '@react-native-async-storage/async-storage': [ '1.23.1' ],
64 silly audit   '@react-native-community/cli': [ '13.6.8' ],
64 silly audit   '@react-native-community/cli-clean': [ '13.6.8' ],
64 silly audit   execa: [ '5.1.1', '1.0.0' ],
64 silly audit   'get-stream': [ '6.0.1', '4.1.0' ],
64 silly audit   'is-stream': [ '2.0.1', '1.1.0' ],
64 silly audit   'mimic-fn': [ '2.1.0', '1.2.0' ],
64 silly audit   'npm-run-path': [ '4.0.1', '2.0.2' ],
64 silly audit   onetime: [ '5.1.2', '2.0.1' ],
64 silly audit   '@react-native-community/cli-config': [ '13.6.8' ],
64 silly audit   '@react-native-community/cli-debugger-ui': [ '13.6.8' ],
64 silly audit   '@react-native-community/cli-doctor': [ '13.6.8' ],
64 silly audit   'cli-cursor': [ '3.1.0', '2.1.0' ],
64 silly audit   'log-symbols': [ '4.1.0', '2.2.0' ],
64 silly audit   ora: [ '5.4.1', '3.4.0' ],
64 silly audit   'restore-cursor': [ '3.1.0', '2.0.0' ],
64 silly audit   '@react-native-community/cli-hermes': [ '13.6.8' ],
64 silly audit   '@react-native-community/cli-platform-android': [ '13.6.8' ],
64 silly audit   '@react-native-community/cli-platform-apple': [ '13.6.8' ],
64 silly audit   '@react-native-community/cli-platform-ios': [ '13.6.8' ],
64 silly audit   '@react-native-community/cli-server-api': [ '13.6.8' ],
64 silly audit   ws: [ '6.2.3', '7.5.10', '8.17.1' ],
64 silly audit   '@react-native-community/cli-tools': [ '13.6.8' ],
64 silly audit   'is-wsl': [ '1.1.0', '2.2.0' ],
64 silly audit   open: [ '6.4.0', '7.4.2', '8.4.2' ],
64 silly audit   '@react-native-community/cli-types': [ '13.6.8' ],
64 silly audit   commander: [ '9.5.0', '7.2.0', '4.1.1', '2.20.3' ],
64 silly audit   'find-up': [ '4.1.0', '5.0.0', '3.0.0' ],
64 silly audit   'locate-path': [ '5.0.0', '6.0.0', '3.0.0' ],
64 silly audit   'p-limit': [ '2.3.0', '3.1.0' ],
64 silly audit   'p-locate': [ '4.1.0', '5.0.0', '3.0.0' ],
64 silly audit   '@react-native/assets-registry': [ '0.74.84' ],
64 silly audit   '@react-native/babel-plugin-codegen': [ '0.74.84' ],
64 silly audit   '@react-native/babel-preset': [ '0.74.84' ],
64 silly audit   '@react-native/codegen': [ '0.74.84' ],
64 silly audit   '@react-native/community-cli-plugin': [ '0.74.84' ],
64 silly audit   '@react-native/debugger-frontend': [ '0.74.84' ],
64 silly audit   '@react-native/dev-middleware': [ '0.74.84' ],
64 silly audit   ms: [ '2.0.0', '2.1.2', '2.1.3' ],
64 silly audit   '@react-native/gradle-plugin': [ '0.74.84' ],
64 silly audit   '@react-native/js-polyfills': [ '0.74.84' ],
64 silly audit   '@react-native/metro-babel-transformer': [ '0.74.84' ],
64 silly audit   '@react-native/normalize-colors': [ '0.74.84' ],
64 silly audit   '@react-native/virtualized-lists': [ '0.74.84' ],
64 silly audit   '@react-navigation/core': [ '6.4.16' ],
64 silly audit   '@react-navigation/elements': [ '1.3.30' ],
64 silly audit   '@react-navigation/native': [ '6.1.17' ],
64 silly audit   '@react-navigation/native-stack': [ '6.9.26' ],
64 silly audit   '@react-navigation/routers': [ '6.1.9' ],
64 silly audit   '@react-navigation/stack': [ '6.3.29' ],
64 silly audit   '@rnx-kit/chromium-edge-launcher': [ '1.0.0' ],
64 silly audit   mkdirp: [ '1.0.4', '0.5.6' ],
64 silly audit   rimraf: [ '3.0.2', '2.4.5', '2.7.1', '2.6.3' ],
64 silly audit   '@segment/loosely-validate-event': [ '2.0.0' ],
64 silly audit   '@sideway/address': [ '4.1.5' ],
64 silly audit   '@sideway/formula': [ '3.0.1' ],
64 silly audit   '@sideway/pinpoint': [ '2.0.0' ],
64 silly audit   '@sinclair/typebox': [ '0.27.8' ],
64 silly audit   '@sinonjs/commons': [ '3.0.1' ],
64 silly audit   '@sinonjs/fake-timers': [ '10.3.0' ],
64 silly audit   '@types/geojson': [ '7946.0.14' ],
64 silly audit   '@types/hammerjs': [ '2.0.45' ],
64 silly audit   '@types/istanbul-lib-coverage': [ '2.0.6' ],
64 silly audit   '@types/istanbul-lib-report': [ '3.0.3' ],
64 silly audit   '@types/istanbul-reports': [ '3.0.4' ],
64 silly audit   '@types/node': [ '18.19.37' ],
64 silly audit   '@types/node-forge': [ '1.3.11' ],
64 silly audit   '@types/prop-types': [ '15.7.12' ],
64 silly audit   '@types/react': [ '18.2.79' ],
64 silly audit   '@types/react-native': [ '0.73.0' ],
64 silly audit   '@types/stack-utils': [ '2.0.3' ],
64 silly audit   '@types/yargs': [ '17.0.32', '15.0.19' ],
64 silly audit   '@types/yargs-parser': [ '21.0.3' ],
64 silly audit   '@urql/core': [ '2.3.6' ],
64 silly audit   '@urql/exchange-retry': [ '0.3.0' ],
64 silly audit   '@xmldom/xmldom': [ '0.7.13', '0.8.10' ],
64 silly audit   'abort-controller': [ '3.0.0' ],
64 silly audit   accepts: [ '1.3.8' ],
64 silly audit   acorn: [ '8.12.0' ],
64 silly audit   'agent-base': [ '6.0.2' ],
64 silly audit   'aggregate-error': [ '3.1.0' ],
64 silly audit   anser: [ '1.4.10' ],
64 silly audit   'ansi-escapes': [ '4.3.2' ],
64 silly audit   'ansi-fragments': [ '0.2.1' ],
64 silly audit   'any-promise': [ '1.3.0' ],
64 silly audit   anymatch: [ '3.1.3' ],
64 silly audit   picomatch: [ '2.3.1', '3.0.1' ],
64 silly audit   appdirsjs: [ '1.2.7' ],
64 silly audit   'application-config-path': [ '0.1.1' ],
64 silly audit   arg: [ '5.0.2' ],
64 silly audit   'array-buffer-byte-length': [ '1.0.1' ],
64 silly audit   'array-union': [ '2.1.0' ],
64 silly audit   'arraybuffer.prototype.slice': [ '1.0.3' ],
64 silly audit   asap: [ '2.0.6' ],
64 silly audit   'ast-types': [ '0.15.2' ],
64 silly audit   'astral-regex': [ '1.0.0' ],
64 silly audit   'async-limiter': [ '1.0.1' ],
64 silly audit   asynckit: [ '0.4.0' ],
64 silly audit   'at-least-node': [ '1.0.0' ],
64 silly audit   'available-typed-arrays': [ '1.0.7' ],
64 silly audit   'babel-core': [ '7.0.0-bridge.0' ],
64 silly audit   'babel-plugin-polyfill-corejs2': [ '0.4.11' ],
64 silly audit   'babel-plugin-polyfill-corejs3': [ '0.10.4' ],
64 silly audit   'babel-plugin-polyfill-regenerator': [ '0.6.2' ],
64 silly audit   'babel-plugin-react-native-web': [ '0.19.12' ],
64 silly audit   'babel-plugin-transform-flow-enums': [ '0.0.2' ],
64 silly audit   'babel-preset-expo': [ '11.0.10' ],
64 silly audit   'balanced-match': [ '1.0.2' ],
64 silly audit   'base64-js': [ '1.5.1' ],
64 silly audit   'better-opn': [ '3.0.2' ],
64 silly audit   'big-integer': [ '1.6.52' ],
64 silly audit   bl: [ '4.1.0' ],
64 silly audit   'readable-stream': [ '3.6.2', '2.3.8' ],
64 silly audit   'bplist-creator': [ '0.0.7', '0.1.0' ],
64 silly audit   'bplist-parser': [ '0.3.2', '0.3.1' ],
64 silly audit   'brace-expansion': [ '1.1.11', '2.0.1' ],
64 silly audit   braces: [ '3.0.3' ],
64 silly audit   browserslist: [ '4.23.1' ],
64 silly audit   bser: [ '2.1.1' ],
64 silly audit   buffer: [ '5.7.1' ],
64 silly audit   'buffer-alloc': [ '1.2.0' ],
64 silly audit   'buffer-alloc-unsafe': [ '1.1.0' ],
64 silly audit   'buffer-fill': [ '1.0.0' ],
64 silly audit   'buffer-from': [ '1.1.2' ],
64 silly audit   builtins: [ '1.0.3' ],
64 silly audit   bytes: [ '3.0.0' ],
64 silly audit   cacache: [ '18.0.3' ],
64 silly audit   'lru-cache': [ '10.2.2', '6.0.0', '5.1.1' ],
64 silly audit   minimatch: [ '9.0.4', '3.1.2' ],
64 silly audit   'call-bind': [ '1.0.7' ],
64 silly audit   'caller-callsite': [ '2.0.0' ],
64 silly audit   'caller-path': [ '2.0.0' ],
64 silly audit   callsites: [ '2.0.0' ],
64 silly audit   camelcase: [ '6.3.0', '5.3.1' ],
64 silly audit   'caniuse-lite': [ '1.0.30001636' ],
64 silly audit   'escape-string-regexp': [ '1.0.5', '4.0.0', '2.0.0' ],
64 silly audit   charenc: [ '0.0.2' ],
64 silly audit   chownr: [ '2.0.0' ],
64 silly audit   'chrome-launcher': [ '0.15.2' ],
64 silly audit   'ci-info': [ '3.9.0', '2.0.0' ],
64 silly audit   'clean-stack': [ '2.2.0' ],
64 silly audit   'cli-spinners': [ '2.9.2' ],
64 silly audit   cliui: [ '8.0.1', '6.0.0' ],
64 silly audit   clone: [ '2.1.2', '1.0.4' ],
64 silly audit   'clone-deep': [ '4.0.1' ],
64 silly audit   color: [ '4.2.3' ],
64 silly audit   'color-string': [ '1.9.1' ],
64 silly audit   colorette: [ '1.4.0' ],
64 silly audit   'combined-stream': [ '1.0.8' ],
64 silly audit   'command-exists': [ '1.2.9' ],
64 silly audit   commondir: [ '1.0.1' ],
64 silly audit   'component-type': [ '1.2.2' ],
64 silly audit   compressible: [ '2.0.18' ],
64 silly audit   compression: [ '1.7.4' ],
64 silly audit   'concat-map': [ '0.0.1' ],
64 silly audit   connect: [ '3.7.0' ],
64 silly audit   'convert-source-map': [ '2.0.0' ],
64 silly audit   'core-js-compat': [ '3.37.1' ],
64 silly audit   'core-util-is': [ '1.0.3' ],
64 silly audit   cosmiconfig: [ '5.2.1' ],
64 silly audit   'cross-fetch': [ '3.1.8' ],
64 silly audit   'cross-spawn': [ '7.0.3', '6.0.5' ],
64 silly audit   crypt: [ '0.0.2' ],
64 silly audit   csstype: [ '3.1.3' ],
64 silly audit   'dag-map': [ '1.0.2' ],
64 silly audit   'data-view-buffer': [ '1.0.1' ],
64 silly audit   'data-view-byte-length': [ '1.0.1' ],
64 silly audit   'data-view-byte-offset': [ '1.0.0' ],
64 silly audit   dayjs: [ '1.11.11' ],
64 silly audit   decamelize: [ '1.2.0' ],
64 silly audit   'decode-uri-component': [ '0.2.2' ],
64 silly audit   'deep-extend': [ '0.6.0' ],
64 silly audit   deepmerge: [ '4.3.1' ],
64 silly audit   'default-gateway': [ '4.2.0' ],
64 silly audit   defaults: [ '1.0.4' ],
64 silly audit   'define-data-property': [ '1.1.4' ],
64 silly audit   'define-lazy-prop': [ '2.0.0' ],
64 silly audit   'define-properties': [ '1.2.1' ],
64 silly audit   del: [ '6.1.1' ],
64 silly audit   'delayed-stream': [ '1.0.0' ],
64 silly audit   denodeify: [ '1.2.1' ],
64 silly audit   depd: [ '2.0.0' ],
64 silly audit   destroy: [ '1.2.0' ],
64 silly audit   'detect-libc': [ '1.0.3' ],
64 silly audit   'dir-glob': [ '3.0.1' ],
64 silly audit   dotenv: [ '16.4.5' ],
64 silly audit   'dotenv-expand': [ '11.0.6' ],
64 silly audit   eastasianwidth: [ '0.2.0' ],
64 silly audit   'ee-first': [ '1.1.1' ],
64 silly audit   'electron-to-chromium': [ '1.4.807' ],
64 silly audit   encodeurl: [ '1.0.2' ],
64 silly audit   'end-of-stream': [ '1.4.4' ],
64 silly audit   'env-editor': [ '0.4.2' ],
64 silly audit   envinfo: [ '7.13.0' ],
64 silly audit   eol: [ '0.9.1' ],
64 silly audit   'error-ex': [ '1.3.2' ],
64 silly audit   'error-stack-parser': [ '2.1.4' ],
64 silly audit   errorhandler: [ '1.5.1' ],
64 silly audit   'es-abstract': [ '1.23.3' ],
64 silly audit   'es-define-property': [ '1.0.0' ],
64 silly audit   'es-errors': [ '1.3.0' ],
64 silly audit   'es-object-atoms': [ '1.0.0' ],
64 silly audit   'es-set-tostringtag': [ '2.0.3' ],
64 silly audit   'es-to-primitive': [ '1.2.1' ],
64 silly audit   escalade: [ '3.1.2' ],
64 silly audit   'escape-html': [ '1.0.3' ],
64 silly audit   esprima: [ '4.0.1' ],
64 silly audit   esutils: [ '2.0.3' ],
64 silly audit   etag: [ '1.8.1' ],
64 silly audit   'event-target-shim': [ '5.0.1' ],
64 silly audit   'exec-async': [ '2.2.0' ],
64 silly audit   'path-key': [ '2.0.1', '3.1.1' ],
64 silly audit   'shebang-command': [ '1.2.0', '2.0.0' ],
64 silly audit   'shebang-regex': [ '1.0.0', '3.0.0' ],
64 silly audit   which: [ '1.3.1', '2.0.2' ],
64 silly audit   expo: [ '51.0.14' ],
64 silly audit   'expo-asset': [ '10.0.9' ],
64 silly audit   'expo-constants': [ '16.0.2' ],
64 silly audit   'expo-file-system': [ '17.0.1' ],
64 silly audit   'expo-font': [ '12.0.7' ],
64 silly audit   'expo-keep-awake': [ '13.0.2' ],
64 silly audit   'expo-location': [ '17.0.1' ],
64 silly audit   'expo-modules-autolinking': [ '1.11.1' ],
64 silly audit   'expo-modules-core': [ '1.12.15' ],
64 silly audit   'expo-status-bar': [ '1.12.1' ],
64 silly audit   'fast-deep-equal': [ '3.1.3' ],
64 silly audit   'fast-glob': [ '3.3.2' ],
64 silly audit   'fast-xml-parser': [ '4.4.0' ],
64 silly audit   fastq: [ '1.17.1' ],
64 silly audit   'faye-websocket': [ '0.11.4' ],
64 silly audit   'fb-watchman': [ '2.0.2' ],
64 silly audit   fbemitter: [ '3.0.0' ],
64 silly audit   fbjs: [ '3.0.5' ],
64 silly audit   'fbjs-css-vars': [ '1.0.2' ],
64 silly audit   'fetch-retry': [ '4.1.1' ],
64 silly audit   'fill-range': [ '7.1.1' ],
64 silly audit   'filter-obj': [ '1.1.0' ],
64 silly audit   finalhandler: [ '1.1.2' ],
64 silly audit   'find-cache-dir': [ '2.1.0' ],
64 silly audit   'find-yarn-workspace-root': [ '2.0.0' ],
64 silly audit   firebase: [ '10.12.2' ],
64 silly audit   'flow-enums-runtime': [ '0.0.6' ],
64 silly audit   'flow-parser': [ '0.238.0' ],
64 silly audit   fontfaceobserver: [ '2.3.0' ],
64 silly audit   'for-each': [ '0.3.3' ],
64 silly audit   'foreground-child': [ '3.2.1' ],
64 silly audit   'signal-exit': [ '4.1.0', '3.0.7' ],
64 silly audit   'form-data': [ '3.0.1' ],
64 silly audit   'freeport-async': [ '2.0.0' ],
64 silly audit   fresh: [ '0.5.2' ],
64 silly audit   'fs-minipass': [ '3.0.3', '2.1.0' ],
64 silly audit   'fs.realpath': [ '1.0.0' ],
64 silly audit   'function-bind': [ '1.1.2' ],
64 silly audit   'function.prototype.name': [ '1.1.6' ],
64 silly audit   'functions-have-names': [ '1.2.3' ],
64 silly audit   gensync: [ '1.0.0-beta.2' ],
64 silly audit   'get-caller-file': [ '2.0.5' ],
64 silly audit   'get-intrinsic': [ '1.2.4' ],
64 silly audit   'get-port': [ '3.2.0' ],
64 silly audit   'get-symbol-description': [ '1.0.2' ],
64 silly audit   getenv: [ '1.0.0' ],
64 silly audit   'glob-parent': [ '5.1.2' ],
64 silly audit   globals: [ '11.12.0' ],
64 silly audit   globalthis: [ '1.0.4' ],
64 silly audit   globby: [ '11.1.0' ],
64 silly audit   gopd: [ '1.0.1' ],
64 silly audit   'graceful-fs': [ '4.2.11' ],
64 silly audit   graphql: [ '15.8.0' ],
64 silly audit   'graphql-tag': [ '2.12.6' ],
64 silly audit   'has-bigints': [ '1.0.2' ],
64 silly audit   'has-property-descriptors': [ '1.0.2' ],
64 silly audit   'has-proto': [ '1.0.3' ],
64 silly audit   'has-symbols': [ '1.0.3' ],
64 silly audit   'has-tostringtag': [ '1.0.2' ],
64 silly audit   hasown: [ '2.0.2' ],
64 silly audit   'hermes-estree': [ '0.19.1', '0.20.1' ],
64 silly audit   'hermes-parser': [ '0.19.1', '0.20.1' ],
64 silly audit   'hermes-profile-transformer': [ '0.0.6' ],
64 silly audit   'hoist-non-react-statics': [ '3.3.2' ],
64 silly audit   'hosted-git-info': [ '3.0.8' ],
64 silly audit   yallist: [ '4.0.0', '3.1.1' ],
64 silly audit   'http-errors': [ '2.0.0' ],
64 silly audit   statuses: [ '2.0.1', '1.5.0' ],
64 silly audit   'http-parser-js': [ '0.5.8' ],
64 silly audit   'https-proxy-agent': [ '5.0.1' ],
64 silly audit   'human-signals': [ '2.1.0' ],
64 silly audit   idb: [ '7.1.1' ],
64 silly audit   ieee754: [ '1.2.1' ],
64 silly audit   ignore: [ '5.3.1' ],
64 silly audit   'image-size': [ '1.1.1' ],
64 silly audit   'import-fresh': [ '2.0.0' ],
64 silly audit   'resolve-from': [ '3.0.0', '5.0.0' ],
64 silly audit   imurmurhash: [ '0.1.4' ],
64 silly audit   'indent-string': [ '4.0.0' ],
64 silly audit   inflight: [ '1.0.6' ],
64 silly audit   inherits: [ '2.0.4' ],
64 silly audit   ini: [ '1.3.8' ],
64 silly audit   'internal-ip': [ '4.3.0' ],
64 silly audit   'internal-slot': [ '1.0.7' ],
64 silly audit   invariant: [ '2.2.4' ],
64 silly audit   'ip-regex': [ '2.1.0' ],
64 silly audit   'ipaddr.js': [ '1.9.1' ],
64 silly audit   'is-array-buffer': [ '3.0.4' ],
64 silly audit   'is-arrayish': [ '0.2.1', '0.3.2' ],
64 silly audit   'is-bigint': [ '1.0.4' ],
64 silly audit   'is-boolean-object': [ '1.1.2' ],
64 silly audit   'is-buffer': [ '1.1.6' ],
64 silly audit   'is-callable': [ '1.2.7' ],
64 silly audit   'is-core-module': [ '2.13.1' ],
64 silly audit   'is-data-view': [ '1.0.1' ],
64 silly audit   'is-date-object': [ '1.0.5' ],
64 silly audit   'is-directory': [ '0.3.1' ],
64 silly audit   'is-docker': [ '2.2.1' ],
64 silly audit   'is-extglob': [ '2.1.1', '1.0.0' ],
64 silly audit   'is-fullwidth-code-point': [ '2.0.0', '3.0.0' ],
64 silly audit   'is-glob': [ '4.0.3', '2.0.1' ],
64 silly audit   'is-interactive': [ '1.0.0' ],
64 silly audit   'is-invalid-path': [ '0.1.0' ],
64 silly audit   'is-negative-zero': [ '2.0.3' ],
64 silly audit   'is-number': [ '7.0.0' ],
64 silly audit   'is-number-object': [ '1.0.7' ],
64 silly audit   'is-path-cwd': [ '2.2.0' ],
64 silly audit   'is-path-inside': [ '3.0.3' ],
64 silly audit   'is-plain-object': [ '2.0.4' ],
64 silly audit   'is-regex': [ '1.1.4' ],
64 silly audit   'is-shared-array-buffer': [ '1.0.3' ],
64 silly audit   'is-string': [ '1.0.7' ],
64 silly audit   'is-symbol': [ '1.0.4' ],
64 silly audit   'is-typed-array': [ '1.1.13' ],
64 silly audit   'is-unicode-supported': [ '0.1.0' ],
64 silly audit   'is-valid-path': [ '0.1.1' ],
64 silly audit   'is-weakref': [ '1.0.2' ],
64 silly audit   isarray: [ '1.0.0', '2.0.5' ],
64 silly audit   isexe: [ '2.0.0' ],
64 silly audit   isobject: [ '3.0.1' ],
64 silly audit   jackspeak: [ '3.4.0' ],
64 silly audit   'jest-environment-node': [ '29.7.0' ],
64 silly audit   'jest-get-type': [ '29.6.3' ],
64 silly audit   'jest-message-util': [ '29.7.0' ],
64 silly audit   'pretty-format': [ '29.7.0', '26.6.2' ],
64 silly audit   'react-is': [ '18.3.1', '17.0.2', '16.13.1' ],
64 silly audit   'jest-mock': [ '29.7.0' ],
64 silly audit   'jest-util': [ '29.7.0' ],
64 silly audit   'jest-validate': [ '29.7.0' ],
64 silly audit   'jest-worker': [ '29.7.0' ],
64 silly audit   'jimp-compact': [ '0.16.1' ],
64 silly audit   joi: [ '17.13.3' ],
64 silly audit   'join-component': [ '1.1.0' ],
64 silly audit   'js-tokens': [ '4.0.0' ],
64 silly audit   'jsc-android': [ '250231.0.0' ],
64 silly audit   'jsc-safe-url': [ '0.2.4' ],
64 silly audit   jscodeshift: [ '0.14.0' ],
64 silly audit   jsesc: [ '2.5.2', '0.5.0' ],
64 silly audit   'json-parse-better-errors': [ '1.0.2' ],
64 silly audit   'json-schema-deref-sync': [ '0.13.0' ],
64 silly audit   md5: [ '2.2.1', '2.3.0' ],
64 silly audit   json5: [ '2.2.3' ],
64 silly audit   'kind-of': [ '6.0.3' ],
64 silly audit   kleur: [ '3.0.3' ],
64 silly audit   leven: [ '3.1.0' ],
64 silly audit   'lighthouse-logger': [ '1.4.2' ],
64 silly audit   lightningcss: [ '1.19.0' ],
64 silly audit   'lightningcss-win32-x64-msvc': [ '1.19.0' ],
64 silly audit   'lines-and-columns': [ '1.2.4' ],
64 silly audit   lodash: [ '4.17.21' ],
64 silly audit   'lodash.camelcase': [ '4.3.0' ],
64 silly audit   'lodash.debounce': [ '4.0.8' ],
64 silly audit   'lodash.throttle': [ '4.1.1' ],
64 silly audit   logkitty: [ '0.7.1' ],
64 silly audit   y18n: [ '4.0.3', '5.0.8' ],
64 silly audit   yargs: [ '15.4.1', '17.7.2' ],
64 silly audit   'yargs-parser': [ '18.1.3', '21.1.1' ],
64 silly audit   long: [ '5.2.3' ],
64 silly audit   'loose-envify': [ '1.4.0' ],
64 silly audit   'make-dir': [ '2.1.0' ],
64 silly audit   makeerror: [ '1.0.12' ],
64 silly audit   marky: [ '1.2.5' ],
64 silly audit   'md5-file': [ '3.2.3' ],
64 silly audit   md5hex: [ '1.0.0' ],
64 silly audit   'memoize-one': [ '5.2.1' ],
64 silly audit   'memory-cache': [ '0.2.0' ],
64 silly audit   'merge-options': [ '3.0.4' ],
64 silly audit   'is-plain-obj': [ '2.1.0' ],
64 silly audit   'merge-stream': [ '2.0.0' ],
64 silly audit   merge2: [ '1.4.1' ],
64 silly audit   metro: [ '0.80.9' ],
64 silly audit   'metro-babel-transformer': [ '0.80.9' ],
64 silly audit   'metro-cache': [ '0.80.9' ],
64 silly audit   'metro-cache-key': [ '0.80.9' ],
64 silly audit   'metro-config': [ '0.80.9' ],
64 silly audit   'metro-core': [ '0.80.9' ],
64 silly audit   'metro-file-map': [ '0.80.9' ],
64 silly audit   'metro-minify-terser': [ '0.80.9' ],
64 silly audit   'metro-resolver': [ '0.80.9' ],
64 silly audit   'metro-runtime': [ '0.80.9' ],
64 silly audit   'metro-source-map': [ '0.80.9' ],
64 silly audit   'source-map': [ '0.5.7', '0.6.1', '0.7.4' ],
64 silly audit   'metro-symbolicate': [ '0.80.9' ],
64 silly audit   'metro-transform-plugins': [ '0.80.9' ],
64 silly audit   'metro-transform-worker': [ '0.80.9' ],
64 silly audit   micromatch: [ '4.0.7' ],
64 silly audit   mime: [ '2.6.0', '1.6.0' ],
64 silly audit   'mime-db': [ '1.52.0' ],
64 silly audit   'mime-types': [ '2.1.35' ],
64 silly audit   minimist: [ '1.2.8' ],
64 silly audit   minipass: [ '7.1.2', '3.3.6', '5.0.0' ],
64 silly audit   'minipass-collect': [ '2.0.1' ],
64 silly audit   'minipass-flush': [ '1.0.5' ],
64 silly audit   'minipass-pipeline': [ '1.2.4' ],
64 silly audit   minizlib: [ '2.1.2' ],
64 silly audit   mv: [ '2.1.1' ],
64 silly audit   mz: [ '2.7.0' ],
64 silly audit   nanoid: [ '3.3.7' ],
64 silly audit   ncp: [ '2.0.0' ],
64 silly audit   negotiator: [ '0.6.3' ],
64 silly audit   'neo-async': [ '2.6.2' ],
64 silly audit   'nested-error-stacks': [ '2.0.1' ],
64 silly audit   'nice-try': [ '1.0.5' ],
64 silly audit   nocache: [ '3.0.4' ],
64 silly audit   'node-abort-controller': [ '3.1.1' ],
64 silly audit   'node-dir': [ '0.1.17' ],
64 silly audit   'node-fetch': [ '2.7.0' ],
64 silly audit   'node-forge': [ '1.3.1' ],
64 silly audit   'node-int64': [ '0.4.0' ],
64 silly audit   'node-releases': [ '2.0.14' ],
64 silly audit   'node-stream-zip': [ '1.15.0' ],
64 silly audit   'normalize-path': [ '3.0.0' ],
64 silly audit   'npm-package-arg': [ '7.0.0' ],
64 silly audit   nullthrows: [ '1.1.1' ],
64 silly audit   ob1: [ '0.80.9' ],
64 silly audit   'object-assign': [ '4.1.1' ],
64 silly audit   'object-inspect': [ '1.13.1' ],
64 silly audit   'object-keys': [ '1.1.1' ],
64 silly audit   'object.assign': [ '4.1.5' ],
64 silly audit   'on-finished': [ '2.3.0', '2.4.1' ],
64 silly audit   'on-headers': [ '1.0.2' ],
64 silly audit   once: [ '1.4.0' ],
64 silly audit   'os-homedir': [ '1.0.2' ],
64 silly audit   'os-tmpdir': [ '1.0.2' ],
64 silly audit   osenv: [ '0.1.5' ],
64 silly audit   'p-finally': [ '1.0.0' ],
64 silly audit   'p-map': [ '4.0.0' ],
64 silly audit   'p-try': [ '2.2.0' ],
64 silly audit   'package-json-from-dist': [ '1.0.0' ],
64 silly audit   'parse-json': [ '4.0.0' ],
64 silly audit   'parse-png': [ '2.1.0' ],
64 silly audit   parseurl: [ '1.3.3' ],
64 silly audit   'password-prompt': [ '1.1.3' ],
64 silly audit   'path-exists': [ '4.0.0', '3.0.0' ],
64 silly audit   'path-is-absolute': [ '1.0.1' ],
64 silly audit   'path-parse': [ '1.0.7' ],
64 silly audit   'path-scurry': [ '1.11.1' ],
64 silly audit   'path-type': [ '4.0.0' ],
64 silly audit   picocolors: [ '1.0.1' ],
64 silly audit   pify: [ '4.0.1' ],
64 silly audit   pirates: [ '4.0.6' ],
64 silly audit   'pkg-dir': [ '3.0.0' ],
64 silly audit   plist: [ '3.1.0' ],
64 silly audit   xmlbuilder: [ '15.1.1', '11.0.1', '14.0.0' ],
64 silly audit   pngjs: [ '3.4.0' ],
64 silly audit   'possible-typed-array-names': [ '1.0.0' ],
64 silly audit   postcss: [ '8.4.38' ],
64 silly audit   'pretty-bytes': [ '5.6.0' ],
64 silly audit   'process-nextick-args': [ '2.0.1' ],
64 silly audit   progress: [ '2.0.3' ],
64 silly audit   promise: [ '7.3.1', '8.3.0' ],
64 silly audit   prompts: [ '2.4.2' ],
64 silly audit   'prop-types': [ '15.8.1' ],
64 silly audit   protobufjs: [ '7.3.2' ],
64 silly audit   pump: [ '3.0.0' ],
64 silly audit   punycode: [ '2.3.1' ],
64 silly audit   'qrcode-terminal': [ '0.11.0' ],
64 silly audit   'query-string': [ '7.1.3' ],
64 silly audit   querystring: [ '0.2.1' ],
64 silly audit   queue: [ '6.0.2' ],
64 silly audit   'queue-microtask': [ '1.2.3' ],
64 silly audit   'range-parser': [ '1.2.1' ],
64 silly audit   rc: [ '1.2.8' ],
64 silly audit   react: [ '18.2.0' ],
64 silly audit   'react-devtools-core': [ '5.2.0' ],
64 silly audit   'react-freeze': [ '1.0.4' ],
64 silly audit   'react-native': [ '0.74.2' ],
64 silly audit   'react-native-dotenv': [ '3.4.11' ],
64 silly audit   'react-native-gesture-handler': [ '2.16.2' ],
64 silly audit   'react-native-maps': [ '1.14.0' ],
64 silly audit   'regenerator-runtime': [ '0.13.11', '0.14.1' ],
64 silly audit   'react-refresh': [ '0.14.2' ],
64 silly audit   'react-shallow-renderer': [ '16.15.0' ],
64 silly audit   readline: [ '1.3.0' ],
64 silly audit   recast: [ '0.21.5' ],
64 silly audit   regenerate: [ '1.4.2' ],
64 silly audit   'regenerate-unicode-properties': [ '10.1.1' ],
64 silly audit   'regenerator-transform': [ '0.15.2' ],
64 silly audit   'regexp.prototype.flags': [ '1.5.2' ],
64 silly audit   'regexpu-core': [ '5.3.2' ],
64 silly audit   regjsparser: [ '0.9.1' ],
64 silly audit   'remove-trailing-slash': [ '0.1.1' ],
64 silly audit   'require-directory': [ '2.1.1' ],
64 silly audit   'require-from-string': [ '2.0.2' ],
64 silly audit   'require-main-filename': [ '2.0.0' ],
64 silly audit   requireg: [ '0.2.2' ],
64 silly audit   resolve: [ '1.7.1', '1.22.8' ],
64 silly audit   'resolve.exports': [ '2.0.2' ],
64 silly audit   reusify: [ '1.0.4' ],
64 silly audit   'run-parallel': [ '1.2.0' ],
64 silly audit   'safe-array-concat': [ '1.1.2' ],
64 silly audit   'safe-buffer': [ '5.1.2' ],
64 silly audit   'safe-json-stringify': [ '1.2.0' ],
64 silly audit   'safe-regex-test': [ '1.0.3' ],
64 silly audit   sax: [ '1.4.1' ],
64 silly audit   scheduler: [ '0.24.0-canary-efb381bbf-20230505' ],
64 silly audit   selfsigned: [ '2.4.1' ],
64 silly audit   send: [ '0.18.0' ],
64 silly audit   'serialize-error': [ '2.1.0' ],
64 silly audit   'serve-static': [ '1.15.0' ],
64 silly audit   'set-blocking': [ '2.0.0' ],
64 silly audit   'set-function-length': [ '1.2.2' ],
64 silly audit   'set-function-name': [ '2.0.2' ],
64 silly audit   setimmediate: [ '1.0.5' ],
64 silly audit   setprototypeof: [ '1.2.0' ],
64 silly audit   'shallow-clone': [ '3.0.1' ],
64 silly audit   'shell-quote': [ '1.8.1' ],
64 silly audit   'side-channel': [ '1.0.6' ],
64 silly audit   'simple-plist': [ '1.3.1' ],
64 silly audit   'simple-swizzle': [ '0.2.2' ],
64 silly audit   sisteransi: [ '1.0.5' ],
64 silly audit   slash: [ '3.0.0' ],
64 silly audit   'slice-ansi': [ '2.1.0' ],
64 silly audit   slugify: [ '1.6.6' ],
64 silly audit   'source-map-js': [ '1.2.0' ],
64 silly audit   'source-map-support': [ '0.5.21' ],
64 silly audit   split: [ '1.0.1' ],
64 silly audit   'split-on-first': [ '1.1.0' ],
64 silly audit   'sprintf-js': [ '1.0.3' ],
64 silly audit   ssri: [ '10.0.6' ],
64 silly audit   'stack-utils': [ '2.0.6' ],
64 silly audit   stackframe: [ '1.3.4' ],
64 silly audit   'stacktrace-parser': [ '0.1.10' ],
64 silly audit   'stream-buffers': [ '2.2.0' ],
64 silly audit   'strict-uri-encode': [ '2.0.0' ],
64 silly audit   string_decoder: [ '1.1.1' ],
64 silly audit   'string.prototype.trim': [ '1.2.9' ],
64 silly audit   'string.prototype.trimend': [ '1.0.8' ],
64 silly audit   'string.prototype.trimstart': [ '1.0.8' ],
64 silly audit   'strip-eof': [ '1.0.0' ],
64 silly audit   'strip-final-newline': [ '2.0.0' ],
64 silly audit   'strip-json-comments': [ '2.0.1' ],
64 silly audit   strnum: [ '1.0.5' ],
64 silly audit   'structured-headers': [ '0.4.1' ],
64 silly audit   sucrase: [ '3.34.0' ],
64 silly audit   'supports-hyperlinks': [ '2.3.0' ],
64 silly audit   'supports-preserve-symlinks-flag': [ '1.0.0' ],
64 silly audit   tar: [ '6.2.1' ],
64 silly audit   temp: [ '0.8.4' ],
64 silly audit   'terminal-link': [ '2.1.1' ],
64 silly audit   terser: [ '5.31.1' ],
64 silly audit   'text-table': [ '0.2.0' ],
64 silly audit   thenify: [ '3.3.1' ],
64 silly audit   'thenify-all': [ '1.6.0' ],
64 silly audit   throat: [ '5.0.0' ],
64 silly audit   through: [ '2.3.8' ],
64 silly audit   through2: [ '2.0.5' ],
64 silly audit   tmp: [ '0.0.33' ],
64 silly audit   tmpl: [ '1.0.5' ],
64 silly audit   'to-fast-properties': [ '2.0.0' ],
64 silly audit   'to-regex-range': [ '5.0.1' ],
64 silly audit   toidentifier: [ '1.0.1' ],
64 silly audit   tr46: [ '0.0.3' ],
64 silly audit   traverse: [ '0.6.9' ],
64 silly audit   'ts-interface-checker': [ '0.1.13' ],
64 silly audit   tslib: [ '2.6.3' ],
64 silly audit   'type-detect': [ '4.0.8' ],
64 silly audit   'typed-array-buffer': [ '1.0.2' ],
64 silly audit   'typed-array-byte-length': [ '1.0.1' ],
64 silly audit   'typed-array-byte-offset': [ '1.0.2' ],
64 silly audit   'typed-array-length': [ '1.0.6' ],
64 silly audit   'typedarray.prototype.slice': [ '1.0.3' ],
64 silly audit   typescript: [ '5.3.3' ],
64 silly audit   'ua-parser-js': [ '1.0.38' ],
64 silly audit   'unbox-primitive': [ '1.0.2' ],
64 silly audit   undici: [ '5.28.4' ],
64 silly audit   'undici-types': [ '5.26.5' ],
64 silly audit   'unicode-canonical-property-names-ecmascript': [ '2.0.0' ],
64 silly audit   'unicode-match-property-ecmascript': [ '2.0.0' ],
64 silly audit   'unicode-match-property-value-ecmascript': [ '2.1.0' ],
64 silly audit   'unicode-property-aliases-ecmascript': [ '2.1.0' ],
64 silly audit   'unique-filename': [ '3.0.0' ],
64 silly audit   'unique-slug': [ '4.0.0' ],
64 silly audit   unpipe: [ '1.0.0' ],
64 silly audit   'update-browserslist-db': [ '1.0.16' ],
64 silly audit   'url-join': [ '4.0.0' ],
64 silly audit   'use-latest-callback': [ '0.1.9' ],
64 silly audit   'util-deprecate': [ '1.0.2' ],
64 silly audit   'utils-merge': [ '1.0.1' ],
64 silly audit   uuid: [ '8.3.2', '7.0.3' ],
64 silly audit   'valid-url': [ '1.0.9' ],
64 silly audit   'validate-npm-package-name': [ '3.0.0' ],
64 silly audit   vary: [ '1.1.2' ],
64 silly audit   vlq: [ '1.0.1' ],
64 silly audit   walker: [ '1.0.8' ],
64 silly audit   'warn-once': [ '0.1.1' ],
64 silly audit   wcwidth: [ '1.0.1' ],
64 silly audit   'webidl-conversions': [ '3.0.1', '5.0.0' ],
64 silly audit   'websocket-driver': [ '0.7.4' ],
64 silly audit   'websocket-extensions': [ '0.1.4' ],
64 silly audit   'whatwg-fetch': [ '3.6.20' ],
64 silly audit   'whatwg-url': [ '5.0.0' ],
64 silly audit   'whatwg-url-without-unicode': [ '8.0.0-3' ],
64 silly audit   'which-boxed-primitive': [ '1.0.2' ],
64 silly audit   'which-module': [ '2.0.1' ],
64 silly audit   'which-typed-array': [ '1.1.15' ],
64 silly audit   wonka: [ '4.0.15' ],
64 silly audit   wrappy: [ '1.0.2' ],
64 silly audit   'write-file-atomic': [ '2.4.3' ],
64 silly audit   xcode: [ '3.0.1' ],
64 silly audit   xml2js: [ '0.6.0' ],
64 silly audit   xtend: [ '4.0.2' ],
64 silly audit   yaml: [ '2.4.5' ],
64 silly audit   'yocto-queue': [ '0.1.0' ],
64 silly audit   'react-native-safe-area-context': [ '4.10.1' ],
64 silly audit   'react-native-screens': [ '3.31.1' ]
64 silly audit }
65 timing reify:unpack Completed in 1ms
66 timing reify:unretire Completed in 0ms
67 timing build:queue Completed in 0ms
68 timing build:deps Completed in 1ms
69 timing build Completed in 1ms
70 timing reify:build Completed in 2ms
71 timing reify:trash Completed in 0ms
72 timing reify:save Completed in 327ms
73 http fetch POST 200 https://registry.npmjs.org/-/npm/v1/security/advisories/bulk 713ms
74 timing auditReport:getReport Completed in 726ms
75 silly audit report {}
76 timing auditReport:init Completed in 0ms
77 timing reify:audit Completed in 726ms
78 timing reify Completed in 1981ms
79 timing command:install Completed in 1995ms
80 verbose exit 0
81 timing npm Completed in 2114ms
82 info ok
